<?xml version="1.0" encoding="UTF-8"?>
<coverage generated="1717993916013" clover="3.2.0">
  <project timestamp="1717993916013" name="All files">
    <metrics statements="471" coveredstatements="401" conditionals="180" coveredconditionals="149" methods="125" coveredmethods="98" elements="776" coveredelements="648" complexity="0" loc="471" ncloc="471" packages="2" files="4" classes="4"/>
    <package name="journal">
      <metrics statements="83" coveredstatements="76" conditionals="41" coveredconditionals="39" methods="17" coveredmethods="16"/>
      <file name="calendarComponent.js" path="/Users/sunho/dev/cse110-sp24-group17/source/modules/journal/calendarComponent.js">
        <metrics statements="66" coveredstatements="59" conditionals="16" coveredconditionals="14" methods="11" coveredmethods="10"/>
        <line num="30" count="7" type="stmt"/>
        <line num="31" count="7" type="stmt"/>
        <line num="32" count="7" type="stmt"/>
        <line num="33" count="7" type="stmt"/>
        <line num="34" count="7" type="stmt"/>
        <line num="39" count="7" type="stmt"/>
        <line num="40" count="7" type="stmt"/>
        <line num="41" count="7" type="stmt"/>
        <line num="42" count="7" type="stmt"/>
        <line num="43" count="1" type="stmt"/>
        <line num="45" count="7" type="stmt"/>
        <line num="46" count="1" type="stmt"/>
        <line num="48" count="7" type="stmt"/>
        <line num="49" count="7" type="stmt"/>
        <line num="56" count="12" type="stmt"/>
        <line num="58" count="12" type="stmt"/>
        <line num="59" count="12" type="stmt"/>
        <line num="61" count="12" type="stmt"/>
        <line num="62" count="72" type="stmt"/>
        <line num="63" count="72" type="stmt"/>
        <line num="64" count="72" type="stmt"/>
        <line num="65" count="504" type="stmt"/>
        <line num="66" count="504" type="cond" truecount="2" falsecount="0"/>
        <line num="67" count="10" type="stmt"/>
        <line num="69" count="504" type="cond" truecount="4" falsecount="0"/>
        <line num="70" count="1" type="stmt"/>
        <line num="72" count="504" type="cond" truecount="2" falsecount="0"/>
        <line num="73" count="142" type="stmt"/>
        <line num="75" count="362" type="stmt"/>
        <line num="76" count="0" type="stmt"/>
        <line num="77" count="0" type="stmt"/>
        <line num="78" count="0" type="stmt"/>
        <line num="81" count="504" type="stmt"/>
        <line num="82" count="504" type="stmt"/>
        <line num="84" count="72" type="stmt"/>
        <line num="87" count="12" type="stmt"/>
        <line num="88" count="72" type="stmt"/>
        <line num="96" count="12" type="stmt"/>
        <line num="97" count="12" type="stmt"/>
        <line num="98" count="12" type="stmt"/>
        <line num="99" count="12" type="stmt"/>
        <line num="100" count="12" type="stmt"/>
        <line num="101" count="12" type="stmt"/>
        <line num="102" count="12" type="stmt"/>
        <line num="103" count="440" type="cond" truecount="2" falsecount="0"/>
        <line num="104" count="362" type="stmt"/>
        <line num="106" count="78" type="stmt"/>
        <line num="108" count="440" type="cond" truecount="2" falsecount="0"/>
        <line num="109" count="12" type="stmt"/>
        <line num="110" count="12" type="stmt"/>
        <line num="113" count="12" type="stmt"/>
        <line num="114" count="12" type="stmt"/>
        <line num="115" count="12" type="stmt"/>
        <line num="116" count="64" type="stmt"/>
        <line num="124" count="1" type="stmt"/>
        <line num="125" count="1" type="cond" truecount="1" falsecount="1"/>
        <line num="126" count="0" type="stmt"/>
        <line num="127" count="0" type="stmt"/>
        <line num="129" count="1" type="stmt"/>
        <line num="130" count="1" type="stmt"/>
        <line num="135" count="1" type="stmt"/>
        <line num="136" count="1" type="cond" truecount="1" falsecount="1"/>
        <line num="137" count="0" type="stmt"/>
        <line num="138" count="0" type="stmt"/>
        <line num="140" count="1" type="stmt"/>
        <line num="141" count="1" type="stmt"/>
      </file>
      <file name="dateUtil.js" path="/Users/sunho/dev/cse110-sp24-group17/source/modules/journal/dateUtil.js">
        <metrics statements="17" coveredstatements="17" conditionals="25" coveredconditionals="25" methods="6" coveredmethods="6"/>
        <line num="3" count="475" type="stmt"/>
        <line num="14" count="14" type="cond" truecount="2" falsecount="0"/>
        <line num="15" count="1" type="stmt"/>
        <line num="16" count="13" type="stmt"/>
        <line num="21" count="15" type="cond" truecount="5" falsecount="0"/>
        <line num="22" count="2" type="stmt"/>
        <line num="23" count="13" type="stmt"/>
        <line num="37" count="13" type="stmt"/>
        <line num="42" count="460" type="cond" truecount="2" falsecount="0"/>
        <line num="43" count="459" type="cond" truecount="3" falsecount="0"/>
        <line num="48" count="456" type="cond" truecount="2" falsecount="0"/>
        <line num="49" count="1" type="stmt"/>
        <line num="50" count="455" type="stmt"/>
        <line num="52" count="455" type="cond" truecount="4" falsecount="0"/>
        <line num="53" count="1" type="stmt"/>
        <line num="55" count="454" type="stmt"/>
        <line num="60" count="548" type="stmt"/>
      </file>
    </package>
    <package name="models">
      <metrics statements="388" coveredstatements="325" conditionals="139" coveredconditionals="110" methods="108" coveredmethods="82"/>
      <file name="fileStore.js" path="/Users/sunho/dev/cse110-sp24-group17/source/modules/models/fileStore.js">
        <metrics statements="129" coveredstatements="102" conditionals="86" coveredconditionals="63" methods="43" coveredmethods="36"/>
        <line num="10" count="9" type="stmt"/>
        <line num="18" count="1" type="stmt"/>
        <line num="26" count="1" type="stmt"/>
        <line num="38" count="32" type="stmt"/>
        <line num="39" count="32" type="stmt"/>
        <line num="47" count="35" type="stmt"/>
        <line num="55" count="3" type="cond" truecount="2" falsecount="0"/>
        <line num="63" count="1" type="stmt"/>
        <line num="75" count="19" type="stmt"/>
        <line num="76" count="19" type="stmt"/>
        <line num="84" count="32" type="stmt"/>
        <line num="92" count="22" type="stmt"/>
        <line num="93" count="22" type="stmt"/>
        <line num="102" count="29" type="cond" truecount="2" falsecount="0"/>
        <line num="110" count="1" type="stmt"/>
        <line num="118" count="2" type="stmt"/>
        <line num="126" count="10" type="stmt"/>
        <line num="139" count="12" type="stmt"/>
        <line num="140" count="12" type="stmt"/>
        <line num="148" count="15" type="stmt"/>
        <line num="156" count="4" type="stmt"/>
        <line num="164" count="2" type="stmt"/>
        <line num="175" count="9" type="stmt"/>
        <line num="176" count="9" type="stmt"/>
        <line num="185" count="0" type="stmt"/>
        <line num="186" count="0" type="stmt"/>
        <line num="194" count="0" type="stmt"/>
        <line num="196" count="0" type="stmt"/>
        <line num="205" count="0" type="cond" truecount="0" falsecount="1"/>
        <line num="207" count="0" type="cond" truecount="0" falsecount="2"/>
        <line num="210" count="0" type="cond" truecount="0" falsecount="4"/>
        <line num="211" count="0" type="stmt"/>
        <line num="212" count="0" type="stmt"/>
        <line num="215" count="0" type="stmt"/>
        <line num="218" count="0" type="stmt"/>
        <line num="225" count="0" type="stmt"/>
        <line num="226" count="0" type="stmt"/>
        <line num="233" count="0" type="stmt"/>
        <line num="234" count="0" type="cond" truecount="0" falsecount="2"/>
        <line num="235" count="0" type="stmt"/>
        <line num="236" count="0" type="stmt"/>
        <line num="238" count="0" type="stmt"/>
        <line num="247" count="2" type="stmt"/>
        <line num="249" count="2" type="stmt"/>
        <line num="250" count="8" type="cond" truecount="2" falsecount="0"/>
        <line num="254" count="3" type="stmt"/>
        <line num="256" count="8" type="cond" truecount="2" falsecount="0"/>
        <line num="257" count="4" type="stmt"/>
        <line num="258" count="6" type="stmt"/>
        <line num="263" count="2" type="stmt"/>
        <line num="264" count="2" type="stmt"/>
        <line num="273" count="10" type="stmt"/>
        <line num="274" count="10" type="stmt"/>
        <line num="275" count="10" type="stmt"/>
        <line num="277" count="10" type="cond" truecount="3" falsecount="1"/>
        <line num="278" count="10" type="stmt"/>
        <line num="279" count="10" type="stmt"/>
        <line num="280" count="10" type="stmt"/>
        <line num="282" count="0" type="stmt"/>
        <line num="291" count="9" type="stmt"/>
        <line num="292" count="9" type="stmt"/>
        <line num="293" count="9" type="stmt"/>
        <line num="295" count="9" type="cond" truecount="3" falsecount="1"/>
        <line num="296" count="9" type="stmt"/>
        <line num="297" count="9" type="stmt"/>
        <line num="298" count="9" type="stmt"/>
        <line num="300" count="0" type="stmt"/>
        <line num="308" count="1" type="stmt"/>
        <line num="309" count="1" type="cond" truecount="3" falsecount="1"/>
        <line num="310" count="1" type="stmt"/>
        <line num="311" count="1" type="stmt"/>
        <line num="321" count="30" type="stmt"/>
        <line num="322" count="30" type="stmt"/>
        <line num="324" count="30" type="stmt"/>
        <line num="325" count="37" type="cond" truecount="2" falsecount="0"/>
        <line num="326" count="29" type="cond" truecount="1" falsecount="1"/>
        <line num="327" count="29" type="stmt"/>
        <line num="328" count="29" type="cond" truecount="2" falsecount="0"/>
        <line num="329" count="2" type="stmt"/>
        <line num="332" count="0" type="stmt"/>
        <line num="335" count="28" type="stmt"/>
        <line num="343" count="1" type="stmt"/>
        <line num="344" count="1" type="stmt"/>
        <line num="345" count="4" type="stmt"/>
        <line num="346" count="4" type="cond" truecount="2" falsecount="0"/>
        <line num="347" count="2" type="stmt"/>
        <line num="348" count="3" type="stmt"/>
        <line num="352" count="1" type="stmt"/>
        <line num="353" count="1" type="stmt"/>
        <line num="362" count="3" type="stmt"/>
        <line num="363" count="3" type="cond" truecount="3" falsecount="1"/>
        <line num="364" count="3" type="stmt"/>
        <line num="366" count="0" type="stmt"/>
        <line num="376" count="1" type="cond" truecount="3" falsecount="1"/>
        <line num="377" count="0" type="stmt"/>
        <line num="380" count="1" type="cond" truecount="1" falsecount="1"/>
        <line num="384" count="0" type="stmt"/>
        <line num="387" count="1" type="cond" truecount="1" falsecount="1"/>
        <line num="388" count="0" type="stmt"/>
        <line num="392" count="1" type="stmt"/>
        <line num="395" count="1" type="stmt"/>
        <line num="397" count="1" type="stmt"/>
        <line num="405" count="1" type="stmt"/>
        <line num="407" count="4" type="stmt"/>
        <line num="408" count="4" type="stmt"/>
        <line num="409" count="4" type="stmt"/>
        <line num="410" count="11" type="cond" truecount="4" falsecount="0"/>
        <line num="412" count="4" type="stmt"/>
        <line num="413" count="11" type="cond" truecount="4" falsecount="0"/>
        <line num="417" count="4" type="cond" truecount="2" falsecount="0"/>
        <line num="418" count="8" type="stmt"/>
        <line num="419" count="8" type="stmt"/>
        <line num="420" count="8" type="cond" truecount="2" falsecount="0"/>
        <line num="421" count="8" type="cond" truecount="2" falsecount="0"/>
        <line num="425" count="0" type="stmt"/>
        <line num="429" count="1" type="stmt"/>
        <line num="430" count="8" type="cond" truecount="2" falsecount="0"/>
        <line num="432" count="4" type="stmt"/>
        <line num="433" count="4" type="stmt"/>
        <line num="435" count="5" type="cond" truecount="3" falsecount="1"/>
        <line num="436" count="0" type="stmt"/>
        <line num="438" count="5" type="cond" truecount="4" falsecount="0"/>
        <line num="439" count="1" type="stmt"/>
        <line num="441" count="4" type="stmt"/>
        <line num="445" count="4" type="stmt"/>
        <line num="446" count="4" type="stmt"/>
        <line num="447" count="7" type="stmt"/>
        <line num="449" count="7" type="stmt"/>
        <line num="454" count="1" type="stmt"/>
      </file>
      <file name="mdast.js" path="/Users/sunho/dev/cse110-sp24-group17/source/modules/models/mdast.js">
        <metrics statements="259" coveredstatements="223" conditionals="53" coveredconditionals="47" methods="65" coveredmethods="46"/>
        <line num="26" count="1" type="stmt"/>
        <line num="30" count="0" type="stmt"/>
        <line num="36" count="17" type="stmt"/>
        <line num="40" count="0" type="stmt"/>
        <line num="44" count="0" type="stmt"/>
        <line num="48" count="0" type="stmt"/>
        <line num="54" count="0" type="stmt"/>
        <line num="55" count="0" type="stmt"/>
        <line num="56" count="0" type="stmt"/>
        <line num="62" count="98" type="stmt"/>
        <line num="63" count="98" type="stmt"/>
        <line num="67" count="0" type="stmt"/>
        <line num="71" count="0" type="stmt"/>
        <line num="72" count="0" type="cond" truecount="0" falsecount="2"/>
        <line num="76" count="0" type="stmt"/>
        <line num="80" count="0" type="stmt"/>
        <line num="86" count="74" type="stmt"/>
        <line num="87" count="74" type="stmt"/>
        <line num="91" count="56" type="stmt"/>
        <line num="95" count="419" type="stmt"/>
        <line num="99" count="18" type="stmt"/>
        <line num="100" count="18" type="stmt"/>
        <line num="101" count="18" type="stmt"/>
        <line num="107" count="21" type="stmt"/>
        <line num="108" count="21" type="stmt"/>
        <line num="109" count="21" type="stmt"/>
        <line num="113" count="7" type="stmt"/>
        <line num="114" count="7" type="stmt"/>
        <line num="115" count="11" type="stmt"/>
        <line num="117" count="7" type="stmt"/>
        <line num="118" count="7" type="stmt"/>
        <line num="122" count="0" type="stmt"/>
        <line num="126" count="0" type="stmt"/>
        <line num="127" count="0" type="stmt"/>
        <line num="128" count="0" type="stmt"/>
        <line num="130" count="0" type="stmt"/>
        <line num="136" count="4" type="stmt"/>
        <line num="139" count="7" type="stmt"/>
        <line num="143" count="1" type="stmt"/>
        <line num="144" count="1" type="stmt"/>
        <line num="145" count="1" type="stmt"/>
        <line num="146" count="1" type="stmt"/>
        <line num="147" count="1" type="stmt"/>
        <line num="148" count="1" type="stmt"/>
        <line num="150" count="1" type="stmt"/>
        <line num="151" count="1" type="stmt"/>
        <line num="152" count="1" type="stmt"/>
        <line num="153" count="1" type="stmt"/>
        <line num="159" count="6" type="stmt"/>
        <line num="162" count="11" type="stmt"/>
        <line num="166" count="1" type="stmt"/>
        <line num="167" count="1" type="stmt"/>
        <line num="168" count="1" type="stmt"/>
        <line num="170" count="1" type="stmt"/>
        <line num="176" count="5" type="stmt"/>
        <line num="179" count="11" type="stmt"/>
        <line num="183" count="1" type="stmt"/>
        <line num="184" count="1" type="stmt"/>
        <line num="185" count="1" type="stmt"/>
        <line num="187" count="1" type="stmt"/>
        <line num="193" count="4" type="stmt"/>
        <line num="196" count="4" type="stmt"/>
        <line num="200" count="1" type="stmt"/>
        <line num="201" count="1" type="stmt"/>
        <line num="202" count="1" type="stmt"/>
        <line num="203" count="1" type="stmt"/>
        <line num="204" count="1" type="stmt"/>
        <line num="205" count="1" type="stmt"/>
        <line num="207" count="1" type="stmt"/>
        <line num="208" count="1" type="stmt"/>
        <line num="209" count="1" type="stmt"/>
        <line num="210" count="1" type="stmt"/>
        <line num="216" count="2" type="stmt"/>
        <line num="217" count="2" type="stmt"/>
        <line num="218" count="2" type="stmt"/>
        <line num="222" count="2" type="stmt"/>
        <line num="223" count="2" type="stmt"/>
        <line num="224" count="2" type="stmt"/>
        <line num="226" count="2" type="stmt"/>
        <line num="227" count="2" type="stmt"/>
        <line num="231" count="2" type="stmt"/>
        <line num="235" count="1" type="stmt"/>
        <line num="236" count="1" type="stmt"/>
        <line num="237" count="1" type="stmt"/>
        <line num="238" count="1" type="stmt"/>
        <line num="239" count="1" type="stmt"/>
        <line num="240" count="1" type="stmt"/>
        <line num="242" count="1" type="stmt"/>
        <line num="243" count="1" type="stmt"/>
        <line num="249" count="1" type="stmt"/>
        <line num="250" count="1" type="stmt"/>
        <line num="251" count="1" type="stmt"/>
        <line num="255" count="0" type="stmt"/>
        <line num="256" count="0" type="stmt"/>
        <line num="257" count="0" type="stmt"/>
        <line num="259" count="0" type="stmt"/>
        <line num="260" count="0" type="stmt"/>
        <line num="264" count="0" type="stmt"/>
        <line num="268" count="1" type="stmt"/>
        <line num="269" count="1" type="stmt"/>
        <line num="270" count="1" type="stmt"/>
        <line num="271" count="1" type="cond" truecount="1" falsecount="1"/>
        <line num="272" count="1" type="stmt"/>
        <line num="274" count="1" type="stmt"/>
        <line num="275" count="1" type="stmt"/>
        <line num="281" count="2" type="stmt"/>
        <line num="285" count="3" type="stmt"/>
        <line num="289" count="1" type="stmt"/>
        <line num="290" count="1" type="stmt"/>
        <line num="291" count="1" type="stmt"/>
        <line num="292" count="1" type="stmt"/>
        <line num="294" count="1" type="stmt"/>
        <line num="295" count="0" type="stmt"/>
        <line num="296" count="0" type="stmt"/>
        <line num="298" count="1" type="stmt"/>
        <line num="303" count="20" type="stmt"/>
        <line num="304" count="20" type="stmt"/>
        <line num="311" count="20" type="stmt"/>
        <line num="312" count="20" type="stmt"/>
        <line num="313" count="100" type="stmt"/>
        <line num="315" count="20" type="stmt"/>
        <line num="316" count="20" type="stmt"/>
        <line num="317" count="3899" type="stmt"/>
        <line num="318" count="3899" type="stmt"/>
        <line num="319" count="3899" type="stmt"/>
        <line num="320" count="3950" type="cond" truecount="2" falsecount="0"/>
        <line num="321" count="3839" type="stmt"/>
        <line num="323" count="111" type="stmt"/>
        <line num="324" count="111" type="stmt"/>
        <line num="325" count="111" type="cond" truecount="2" falsecount="0"/>
        <line num="326" count="57" type="stmt"/>
        <line num="329" count="3899" type="stmt"/>
        <line num="330" count="3899" type="stmt"/>
        <line num="332" count="20" type="stmt"/>
        <line num="333" count="22" type="cond" truecount="2" falsecount="0"/>
        <line num="335" count="20" type="stmt"/>
        <line num="336" count="21" type="stmt"/>
        <line num="337" count="21" type="stmt"/>
        <line num="343" count="27" type="stmt"/>
        <line num="344" count="27" type="cond" truecount="2" falsecount="0"/>
        <line num="345" count="1" type="stmt"/>
        <line num="347" count="27" type="stmt"/>
        <line num="348" count="27" type="stmt"/>
        <line num="350" count="21" type="stmt"/>
        <line num="351" count="21" type="stmt"/>
        <line num="352" count="21" type="stmt"/>
        <line num="353" count="21" type="stmt"/>
        <line num="355" count="20" type="stmt"/>
        <line num="356" count="412" type="stmt"/>
        <line num="357" count="412" type="stmt"/>
        <line num="359" count="1960" type="stmt"/>
        <line num="360" count="1960" type="cond" truecount="2" falsecount="0"/>
        <line num="361" count="34" type="cond" truecount="2" falsecount="0"/>
        <line num="362" count="21" type="stmt"/>
        <line num="363" count="21" type="stmt"/>
        <line num="364" count="21" type="stmt"/>
        <line num="365" count="21" type="stmt"/>
        <line num="366" count="21" type="stmt"/>
        <line num="370" count="1939" type="stmt"/>
        <line num="371" count="1939" type="cond" truecount="2" falsecount="0"/>
        <line num="372" count="23" type="stmt"/>
        <line num="373" count="23" type="stmt"/>
        <line num="374" count="23" type="stmt"/>
        <line num="375" count="23" type="stmt"/>
        <line num="376" count="23" type="stmt"/>
        <line num="377" count="23" type="stmt"/>
        <line num="380" count="412" type="cond" truecount="2" falsecount="0"/>
        <line num="383" count="44" type="cond" truecount="2" falsecount="0"/>
        <line num="387" count="4" type="stmt"/>
        <line num="388" count="4" type="stmt"/>
        <line num="389" count="4" type="cond" truecount="2" falsecount="0"/>
        <line num="394" count="3" type="cond" truecount="1" falsecount="1"/>
        <line num="395" count="3" type="stmt"/>
        <line num="396" count="3" type="cond" truecount="2" falsecount="0"/>
        <line num="400" count="1" type="stmt"/>
        <line num="404" count="1" type="stmt"/>
        <line num="405" count="1" type="stmt"/>
        <line num="406" count="1" type="stmt"/>
        <line num="414" count="1" type="stmt"/>
        <line num="417" count="2" type="stmt"/>
        <line num="418" count="2" type="stmt"/>
        <line num="419" count="2" type="stmt"/>
        <line num="429" count="43" type="stmt"/>
        <line num="431" count="368" type="cond" truecount="2" falsecount="0"/>
        <line num="432" count="8" type="stmt"/>
        <line num="434" count="368" type="stmt"/>
        <line num="435" count="368" type="stmt"/>
        <line num="437" count="44" type="stmt"/>
        <line num="442" count="0" type="stmt"/>
        <line num="446" count="0" type="stmt"/>
        <line num="452" count="2" type="stmt"/>
        <line num="453" count="2" type="stmt"/>
        <line num="454" count="2" type="stmt"/>
        <line num="458" count="0" type="stmt"/>
        <line num="459" count="0" type="stmt"/>
        <line num="460" count="0" type="stmt"/>
        <line num="462" count="0" type="stmt"/>
        <line num="466" count="2" type="stmt"/>
        <line num="467" count="2" type="stmt"/>
        <line num="468" count="2" type="stmt"/>
        <line num="469" count="2" type="stmt"/>
        <line num="471" count="2" type="stmt"/>
        <line num="477" count="1" type="stmt"/>
        <line num="478" count="1" type="stmt"/>
        <line num="482" count="0" type="stmt"/>
        <line num="486" count="1" type="stmt"/>
        <line num="487" count="1" type="stmt"/>
        <line num="488" count="1" type="stmt"/>
        <line num="494" count="14" type="stmt"/>
        <line num="495" count="14" type="stmt"/>
        <line num="499" count="7" type="stmt"/>
        <line num="500" count="7" type="stmt"/>
        <line num="501" count="15" type="stmt"/>
        <line num="503" count="7" type="stmt"/>
        <line num="507" count="7" type="stmt"/>
        <line num="508" count="7" type="stmt"/>
        <line num="509" count="17" type="stmt"/>
        <line num="510" count="17" type="stmt"/>
        <line num="512" count="7" type="stmt"/>
        <line num="517" count="9" type="stmt"/>
        <line num="518" count="9" type="stmt"/>
        <line num="519" count="9" type="stmt"/>
        <line num="520" count="9" type="stmt"/>
        <line num="521" count="9" type="stmt"/>
        <line num="522" count="10" type="cond" truecount="2" falsecount="0"/>
        <line num="523" count="7" type="stmt"/>
        <line num="525" count="3" type="stmt"/>
        <line num="526" count="3" type="stmt"/>
        <line num="527" count="3" type="cond" truecount="1" falsecount="1"/>
        <line num="528" count="0" type="stmt"/>
        <line num="531" count="9" type="stmt"/>
        <line num="532" count="9" type="stmt"/>
        <line num="534" count="9" type="stmt"/>
        <line num="535" count="9" type="cond" truecount="2" falsecount="0"/>
        <line num="536" count="2" type="stmt"/>
        <line num="541" count="7" type="stmt"/>
        <line num="545" count="1" type="stmt"/>
        <line num="546" count="1" type="stmt"/>
        <line num="547" count="1" type="stmt"/>
        <line num="548" count="1" type="stmt"/>
        <line num="549" count="1" type="stmt"/>
        <line num="550" count="12" type="cond" truecount="2" falsecount="0"/>
        <line num="551" count="2" type="cond" truecount="2" falsecount="0"/>
        <line num="552" count="1" type="stmt"/>
        <line num="553" count="1" type="stmt"/>
        <line num="555" count="2" type="stmt"/>
        <line num="556" count="2" type="stmt"/>
        <line num="558" count="10" type="cond" truecount="2" falsecount="0"/>
        <line num="559" count="1" type="stmt"/>
        <line num="560" count="1" type="stmt"/>
        <line num="562" count="9" type="stmt"/>
        <line num="564" count="1" type="cond" truecount="1" falsecount="1"/>
        <line num="565" count="0" type="stmt"/>
        <line num="566" count="0" type="stmt"/>
        <line num="567" count="0" type="stmt"/>
        <line num="570" count="1" type="stmt"/>
        <line num="574" count="1" type="stmt"/>
        <line num="575" count="10" type="stmt"/>
        <line num="576" count="10" type="stmt"/>
      </file>
    </package>
  </project>
</coverage>
