{"/Users/sunho/dev/cse110-sp24-group17/source/modules/journal/calendarComponent.js": {"path":"/Users/sunho/dev/cse110-sp24-group17/source/modules/journal/calendarComponent.js","statementMap":{"0":{"start":{"line":30,"column":4},"end":{"line":30,"column":43}},"1":{"start":{"line":31,"column":4},"end":{"line":31,"column":41}},"2":{"start":{"line":32,"column":4},"end":{"line":32,"column":37}},"3":{"start":{"line":33,"column":4},"end":{"line":33,"column":46}},"4":{"start":{"line":34,"column":4},"end":{"line":34,"column":46}},"5":{"start":{"line":39,"column":4},"end":{"line":39,"column":28}},"6":{"start":{"line":40,"column":4},"end":{"line":40,"column":44}},"7":{"start":{"line":41,"column":4},"end":{"line":41,"column":42}},"8":{"start":{"line":42,"column":4},"end":{"line":44,"column":7}},"9":{"start":{"line":43,"column":6},"end":{"line":43,"column":23}},"10":{"start":{"line":45,"column":4},"end":{"line":47,"column":7}},"11":{"start":{"line":46,"column":6},"end":{"line":46,"column":23}},"12":{"start":{"line":48,"column":4},"end":{"line":48,"column":28}},"13":{"start":{"line":49,"column":4},"end":{"line":49,"column":18}},"14":{"start":{"line":56,"column":4},"end":{"line":57,"column":62}},"15":{"start":{"line":58,"column":4},"end":{"line":58,"column":42}},"16":{"start":{"line":59,"column":4},"end":{"line":59,"column":24}},"17":{"start":{"line":61,"column":22},"end":{"line":85,"column":5}},"18":{"start":{"line":62,"column":18},"end":{"line":62,"column":47}},"19":{"start":{"line":63,"column":6},"end":{"line":63,"column":40}},"20":{"start":{"line":64,"column":6},"end":{"line":83,"column":9}},"21":{"start":{"line":65,"column":20},"end":{"line":65,"column":49}},"22":{"start":{"line":66,"column":8},"end":{"line":68,"column":9}},"23":{"start":{"line":67,"column":10},"end":{"line":67,"column":46}},"24":{"start":{"line":69,"column":8},"end":{"line":71,"column":9}},"25":{"start":{"line":70,"column":10},"end":{"line":70,"column":49}},"26":{"start":{"line":72,"column":8},"end":{"line":80,"column":9}},"27":{"start":{"line":73,"column":10},"end":{"line":73,"column":47}},"28":{"start":{"line":75,"column":10},"end":{"line":79,"column":13}},"29":{"start":{"line":76,"column":12},"end":{"line":76,"column":35}},"30":{"start":{"line":77,"column":12},"end":{"line":77,"column":35}},"31":{"start":{"line":78,"column":12},"end":{"line":78,"column":26}},"32":{"start":{"line":81,"column":8},"end":{"line":81,"column":51}},"33":{"start":{"line":82,"column":8},"end":{"line":82,"column":29}},"34":{"start":{"line":84,"column":6},"end":{"line":84,"column":17}},"35":{"start":{"line":87,"column":4},"end":{"line":89,"column":5}},"36":{"start":{"line":87,"column":17},"end":{"line":87,"column":18}},"37":{"start":{"line":88,"column":6},"end":{"line":88,"column":76}},"38":{"start":{"line":96,"column":4},"end":{"line":96,"column":41}},"39":{"start":{"line":97,"column":18},"end":{"line":97,"column":19}},"40":{"start":{"line":98,"column":19},"end":{"line":98,"column":65}},"41":{"start":{"line":99,"column":15},"end":{"line":99,"column":20}},"42":{"start":{"line":100,"column":20},"end":{"line":100,"column":45}},"43":{"start":{"line":101,"column":20},"end":{"line":101,"column":44}},"44":{"start":{"line":102,"column":4},"end":{"line":112,"column":5}},"45":{"start":{"line":102,"column":17},"end":{"line":102,"column":25}},"46":{"start":{"line":103,"column":6},"end":{"line":107,"column":7}},"47":{"start":{"line":104,"column":8},"end":{"line":104,"column":72}},"48":{"start":{"line":106,"column":8},"end":{"line":106,"column":68}},"49":{"start":{"line":108,"column":6},"end":{"line":111,"column":7}},"50":{"start":{"line":109,"column":8},"end":{"line":109,"column":20}},"51":{"start":{"line":110,"column":8},"end":{"line":110,"column":20}},"52":{"start":{"line":113,"column":16},"end":{"line":113,"column":55}},"53":{"start":{"line":114,"column":4},"end":{"line":114,"column":23}},"54":{"start":{"line":115,"column":4},"end":{"line":117,"column":5}},"55":{"start":{"line":115,"column":17},"end":{"line":115,"column":29}},"56":{"start":{"line":116,"column":6},"end":{"line":116,"column":64}},"57":{"start":{"line":124,"column":4},"end":{"line":124,"column":20}},"58":{"start":{"line":125,"column":4},"end":{"line":128,"column":5}},"59":{"start":{"line":126,"column":6},"end":{"line":126,"column":21}},"60":{"start":{"line":127,"column":6},"end":{"line":127,"column":25}},"61":{"start":{"line":129,"column":4},"end":{"line":129,"column":28}},"62":{"start":{"line":130,"column":4},"end":{"line":130,"column":18}},"63":{"start":{"line":135,"column":4},"end":{"line":135,"column":20}},"64":{"start":{"line":136,"column":4},"end":{"line":139,"column":5}},"65":{"start":{"line":137,"column":6},"end":{"line":137,"column":21}},"66":{"start":{"line":138,"column":6},"end":{"line":138,"column":24}},"67":{"start":{"line":140,"column":4},"end":{"line":140,"column":28}},"68":{"start":{"line":141,"column":4},"end":{"line":141,"column":18}}},"fnMap":{"0":{"name":"(anonymous_0)","decl":{"start":{"line":23,"column":2},"end":{"line":23,"column":3}},"loc":{"start":{"line":29,"column":4},"end":{"line":35,"column":3}},"line":29},"1":{"name":"(anonymous_1)","decl":{"start":{"line":38,"column":2},"end":{"line":38,"column":3}},"loc":{"start":{"line":38,"column":15},"end":{"line":50,"column":3}},"line":38},"2":{"name":"(anonymous_2)","decl":{"start":{"line":42,"column":52},"end":{"line":42,"column":53}},"loc":{"start":{"line":42,"column":58},"end":{"line":44,"column":5}},"line":42},"3":{"name":"(anonymous_3)","decl":{"start":{"line":45,"column":52},"end":{"line":45,"column":53}},"loc":{"start":{"line":45,"column":58},"end":{"line":47,"column":5}},"line":45},"4":{"name":"(anonymous_4)","decl":{"start":{"line":55,"column":2},"end":{"line":55,"column":3}},"loc":{"start":{"line":55,"column":11},"end":{"line":90,"column":3}},"line":55},"5":{"name":"(anonymous_5)","decl":{"start":{"line":61,"column":22},"end":{"line":61,"column":23}},"loc":{"start":{"line":61,"column":32},"end":{"line":85,"column":5}},"line":61},"6":{"name":"(anonymous_6)","decl":{"start":{"line":64,"column":19},"end":{"line":64,"column":20}},"loc":{"start":{"line":64,"column":28},"end":{"line":83,"column":7}},"line":64},"7":{"name":"(anonymous_7)","decl":{"start":{"line":75,"column":40},"end":{"line":75,"column":41}},"loc":{"start":{"line":75,"column":46},"end":{"line":79,"column":11}},"line":75},"8":{"name":"(anonymous_8)","decl":{"start":{"line":95,"column":2},"end":{"line":95,"column":3}},"loc":{"start":{"line":95,"column":17},"end":{"line":118,"column":3}},"line":95},"9":{"name":"(anonymous_9)","decl":{"start":{"line":123,"column":2},"end":{"line":123,"column":3}},"loc":{"start":{"line":123,"column":14},"end":{"line":131,"column":3}},"line":123},"10":{"name":"(anonymous_10)","decl":{"start":{"line":134,"column":2},"end":{"line":134,"column":3}},"loc":{"start":{"line":134,"column":14},"end":{"line":142,"column":3}},"line":134}},"branchMap":{"0":{"loc":{"start":{"line":66,"column":8},"end":{"line":68,"column":9}},"type":"if","locations":[{"start":{"line":66,"column":8},"end":{"line":68,"column":9}},{"start":{},"end":{}}],"line":66},"1":{"loc":{"start":{"line":69,"column":8},"end":{"line":71,"column":9}},"type":"if","locations":[{"start":{"line":69,"column":8},"end":{"line":71,"column":9}},{"start":{},"end":{}}],"line":69},"2":{"loc":{"start":{"line":69,"column":12},"end":{"line":69,"column":64}},"type":"binary-expr","locations":[{"start":{"line":69,"column":12},"end":{"line":69,"column":28}},{"start":{"line":69,"column":32},"end":{"line":69,"column":64}}],"line":69},"3":{"loc":{"start":{"line":72,"column":8},"end":{"line":80,"column":9}},"type":"if","locations":[{"start":{"line":72,"column":8},"end":{"line":80,"column":9}},{"start":{"line":74,"column":15},"end":{"line":80,"column":9}}],"line":72},"4":{"loc":{"start":{"line":103,"column":6},"end":{"line":107,"column":7}},"type":"if","locations":[{"start":{"line":103,"column":6},"end":{"line":107,"column":7}},{"start":{"line":105,"column":13},"end":{"line":107,"column":7}}],"line":103},"5":{"loc":{"start":{"line":108,"column":6},"end":{"line":111,"column":7}},"type":"if","locations":[{"start":{"line":108,"column":6},"end":{"line":111,"column":7}},{"start":{},"end":{}}],"line":108},"6":{"loc":{"start":{"line":125,"column":4},"end":{"line":128,"column":5}},"type":"if","locations":[{"start":{"line":125,"column":4},"end":{"line":128,"column":5}},{"start":{},"end":{}}],"line":125},"7":{"loc":{"start":{"line":136,"column":4},"end":{"line":139,"column":5}},"type":"if","locations":[{"start":{"line":136,"column":4},"end":{"line":139,"column":5}},{"start":{},"end":{}}],"line":136}},"s":{"0":7,"1":7,"2":7,"3":7,"4":7,"5":7,"6":7,"7":7,"8":7,"9":1,"10":7,"11":1,"12":7,"13":7,"14":12,"15":12,"16":12,"17":12,"18":72,"19":72,"20":72,"21":504,"22":504,"23":10,"24":504,"25":1,"26":504,"27":142,"28":362,"29":0,"30":0,"31":0,"32":504,"33":504,"34":72,"35":12,"36":12,"37":72,"38":12,"39":12,"40":12,"41":12,"42":12,"43":12,"44":12,"45":12,"46":440,"47":362,"48":78,"49":440,"50":12,"51":12,"52":12,"53":12,"54":12,"55":12,"56":64,"57":1,"58":1,"59":0,"60":0,"61":1,"62":1,"63":1,"64":1,"65":0,"66":0,"67":1,"68":1},"f":{"0":7,"1":7,"2":1,"3":1,"4":12,"5":72,"6":504,"7":0,"8":12,"9":1,"10":1},"b":{"0":[10,494],"1":[1,503],"2":[504,42],"3":[142,362],"4":[362,78],"5":[12,428],"6":[0,1],"7":[0,1]},"_coverageSchema":"1a1c01bbd47fc00a2c39e90264f33305004495a9","hash":"d710257d2ce3d7cf6915c2eb1719353e8c2c4371"}
,"/Users/sunho/dev/cse110-sp24-group17/source/modules/journal/dateUtil.js": {"path":"/Users/sunho/dev/cse110-sp24-group17/source/modules/journal/dateUtil.js","statementMap":{"0":{"start":{"line":3,"column":2},"end":{"line":8,"column":4}},"1":{"start":{"line":14,"column":2},"end":{"line":15,"column":55}},"2":{"start":{"line":15,"column":4},"end":{"line":15,"column":55}},"3":{"start":{"line":16,"column":2},"end":{"line":16,"column":43}},"4":{"start":{"line":21,"column":2},"end":{"line":22,"column":47}},"5":{"start":{"line":22,"column":4},"end":{"line":22,"column":47}},"6":{"start":{"line":23,"column":21},"end":{"line":36,"column":3}},"7":{"start":{"line":37,"column":2},"end":{"line":37,"column":27}},"8":{"start":{"line":42,"column":2},"end":{"line":42,"column":73}},"9":{"start":{"line":42,"column":31},"end":{"line":42,"column":73}},"10":{"start":{"line":43,"column":2},"end":{"line":43,"column":66}},"11":{"start":{"line":48,"column":2},"end":{"line":49,"column":55}},"12":{"start":{"line":49,"column":4},"end":{"line":49,"column":55}},"13":{"start":{"line":50,"column":23},"end":{"line":50,"column":71}},"14":{"start":{"line":52,"column":2},"end":{"line":54,"column":3}},"15":{"start":{"line":53,"column":4},"end":{"line":53,"column":14}},"16":{"start":{"line":55,"column":2},"end":{"line":55,"column":29}},"17":{"start":{"line":60,"column":2},"end":{"line":64,"column":4}}},"fnMap":{"0":{"name":"isValidYearMonth","decl":{"start":{"line":2,"column":16},"end":{"line":2,"column":32}},"loc":{"start":{"line":2,"column":46},"end":{"line":9,"column":1}},"line":2},"1":{"name":"weekdayOfFirstDay","decl":{"start":{"line":13,"column":16},"end":{"line":13,"column":33}},"loc":{"start":{"line":13,"column":47},"end":{"line":17,"column":1}},"line":13},"2":{"name":"monthIndexToString","decl":{"start":{"line":20,"column":16},"end":{"line":20,"column":34}},"loc":{"start":{"line":20,"column":42},"end":{"line":38,"column":1}},"line":20},"3":{"name":"isLeapYear","decl":{"start":{"line":41,"column":16},"end":{"line":41,"column":26}},"loc":{"start":{"line":41,"column":33},"end":{"line":44,"column":1}},"line":41},"4":{"name":"getDaysOfMonth","decl":{"start":{"line":47,"column":16},"end":{"line":47,"column":30}},"loc":{"start":{"line":47,"column":44},"end":{"line":56,"column":1}},"line":47},"5":{"name":"isSameDay","decl":{"start":{"line":59,"column":16},"end":{"line":59,"column":25}},"loc":{"start":{"line":59,"column":36},"end":{"line":65,"column":1}},"line":59}},"branchMap":{"0":{"loc":{"start":{"line":4,"column":4},"end":{"line":7,"column":14}},"type":"binary-expr","locations":[{"start":{"line":4,"column":4},"end":{"line":4,"column":26}},{"start":{"line":5,"column":4},"end":{"line":5,"column":27}},{"start":{"line":6,"column":4},"end":{"line":6,"column":14}},{"start":{"line":7,"column":4},"end":{"line":7,"column":14}}],"line":4},"1":{"loc":{"start":{"line":14,"column":2},"end":{"line":15,"column":55}},"type":"if","locations":[{"start":{"line":14,"column":2},"end":{"line":15,"column":55}},{"start":{},"end":{}}],"line":14},"2":{"loc":{"start":{"line":21,"column":2},"end":{"line":22,"column":47}},"type":"if","locations":[{"start":{"line":21,"column":2},"end":{"line":22,"column":47}},{"start":{},"end":{}}],"line":21},"3":{"loc":{"start":{"line":21,"column":6},"end":{"line":21,"column":58}},"type":"binary-expr","locations":[{"start":{"line":21,"column":6},"end":{"line":21,"column":30}},{"start":{"line":21,"column":34},"end":{"line":21,"column":43}},{"start":{"line":21,"column":47},"end":{"line":21,"column":58}}],"line":21},"4":{"loc":{"start":{"line":42,"column":2},"end":{"line":42,"column":73}},"type":"if","locations":[{"start":{"line":42,"column":2},"end":{"line":42,"column":73}},{"start":{},"end":{}}],"line":42},"5":{"loc":{"start":{"line":43,"column":9},"end":{"line":43,"column":65}},"type":"binary-expr","locations":[{"start":{"line":43,"column":10},"end":{"line":43,"column":24}},{"start":{"line":43,"column":28},"end":{"line":43,"column":44}},{"start":{"line":43,"column":49},"end":{"line":43,"column":65}}],"line":43},"6":{"loc":{"start":{"line":48,"column":2},"end":{"line":49,"column":55}},"type":"if","locations":[{"start":{"line":48,"column":2},"end":{"line":49,"column":55}},{"start":{},"end":{}}],"line":48},"7":{"loc":{"start":{"line":52,"column":2},"end":{"line":54,"column":3}},"type":"if","locations":[{"start":{"line":52,"column":2},"end":{"line":54,"column":3}},{"start":{},"end":{}}],"line":52},"8":{"loc":{"start":{"line":52,"column":6},"end":{"line":52,"column":37}},"type":"binary-expr","locations":[{"start":{"line":52,"column":6},"end":{"line":52,"column":22}},{"start":{"line":52,"column":26},"end":{"line":52,"column":37}}],"line":52},"9":{"loc":{"start":{"line":61,"column":4},"end":{"line":63,"column":37}},"type":"binary-expr","locations":[{"start":{"line":61,"column":4},"end":{"line":61,"column":35}},{"start":{"line":62,"column":4},"end":{"line":62,"column":43}},{"start":{"line":63,"column":4},"end":{"line":63,"column":37}}],"line":61}},"s":{"0":475,"1":14,"2":1,"3":13,"4":15,"5":2,"6":13,"7":13,"8":460,"9":1,"10":459,"11":456,"12":1,"13":455,"14":455,"15":1,"16":454,"17":548},"f":{"0":475,"1":14,"2":15,"3":460,"4":456,"5":548},"b":{"0":[475,474,473,472],"1":[1,13],"2":[2,13],"3":[15,15,14],"4":[1,459],"5":[459,456,5],"6":[1,455],"7":[1,454],"8":[455,453],"9":[548,15,15]},"_coverageSchema":"1a1c01bbd47fc00a2c39e90264f33305004495a9","hash":"e29fcbbd53a0a6f03c44e14930af6776aececcb9"}
,"/Users/sunho/dev/cse110-sp24-group17/source/modules/models/fileStore.js": {"path":"/Users/sunho/dev/cse110-sp24-group17/source/modules/models/fileStore.js","statementMap":{"0":{"start":{"line":10,"column":4},"end":{"line":10,"column":37}},"1":{"start":{"line":18,"column":4},"end":{"line":18,"column":49}},"2":{"start":{"line":26,"column":4},"end":{"line":26,"column":50}},"3":{"start":{"line":38,"column":4},"end":{"line":38,"column":21}},"4":{"start":{"line":39,"column":4},"end":{"line":39,"column":25}},"5":{"start":{"line":47,"column":4},"end":{"line":47,"column":21}},"6":{"start":{"line":55,"column":4},"end":{"line":55,"column":77}},"7":{"start":{"line":63,"column":4},"end":{"line":63,"column":18}},"8":{"start":{"line":75,"column":4},"end":{"line":75,"column":24}},"9":{"start":{"line":76,"column":4},"end":{"line":76,"column":23}},"10":{"start":{"line":84,"column":4},"end":{"line":84,"column":23}},"11":{"start":{"line":92,"column":4},"end":{"line":92,"column":36}},"12":{"start":{"line":93,"column":4},"end":{"line":93,"column":23}},"13":{"start":{"line":102,"column":4},"end":{"line":102,"column":39}},"14":{"start":{"line":110,"column":4},"end":{"line":110,"column":25}},"15":{"start":{"line":118,"column":4},"end":{"line":118,"column":36}},"16":{"start":{"line":126,"column":4},"end":{"line":126,"column":40}},"17":{"start":{"line":139,"column":4},"end":{"line":139,"column":24}},"18":{"start":{"line":140,"column":4},"end":{"line":140,"column":27}},"19":{"start":{"line":148,"column":4},"end":{"line":148,"column":18}},"20":{"start":{"line":156,"column":4},"end":{"line":156,"column":24}},"21":{"start":{"line":164,"column":4},"end":{"line":164,"column":27}},"22":{"start":{"line":175,"column":4},"end":{"line":175,"column":29}},"23":{"start":{"line":176,"column":4},"end":{"line":176,"column":43}},"24":{"start":{"line":185,"column":22},"end":{"line":195,"column":5}},"25":{"start":{"line":186,"column":18},"end":{"line":193,"column":7}},"26":{"start":{"line":194,"column":6},"end":{"line":194,"column":17}},"27":{"start":{"line":196,"column":4},"end":{"line":196,"column":48}},"28":{"start":{"line":205,"column":24},"end":{"line":216,"column":5}},"29":{"start":{"line":207,"column":8},"end":{"line":209,"column":60}},"30":{"start":{"line":210,"column":6},"end":{"line":214,"column":7}},"31":{"start":{"line":211,"column":8},"end":{"line":213,"column":10}},"32":{"start":{"line":212,"column":10},"end":{"line":212,"column":58}},"33":{"start":{"line":215,"column":6},"end":{"line":215,"column":19}},"34":{"start":{"line":218,"column":4},"end":{"line":218,"column":46}},"35":{"start":{"line":225,"column":17},"end":{"line":225,"column":35}},"36":{"start":{"line":226,"column":4},"end":{"line":226,"column":29}},"37":{"start":{"line":233,"column":17},"end":{"line":233,"column":37}},"38":{"start":{"line":234,"column":4},"end":{"line":237,"column":5}},"39":{"start":{"line":235,"column":6},"end":{"line":235,"column":31}},"40":{"start":{"line":236,"column":6},"end":{"line":236,"column":18}},"41":{"start":{"line":238,"column":4},"end":{"line":238,"column":17}},"42":{"start":{"line":247,"column":20},"end":{"line":247,"column":22}},"43":{"start":{"line":249,"column":19},"end":{"line":261,"column":5}},"44":{"start":{"line":250,"column":6},"end":{"line":255,"column":7}},"45":{"start":{"line":254,"column":8},"end":{"line":254,"column":28}},"46":{"start":{"line":256,"column":6},"end":{"line":260,"column":7}},"47":{"start":{"line":257,"column":8},"end":{"line":259,"column":9}},"48":{"start":{"line":258,"column":10},"end":{"line":258,"column":24}},"49":{"start":{"line":263,"column":4},"end":{"line":263,"column":22}},"50":{"start":{"line":264,"column":4},"end":{"line":264,"column":19}},"51":{"start":{"line":273,"column":21},"end":{"line":273,"column":36}},"52":{"start":{"line":274,"column":21},"end":{"line":274,"column":35}},"53":{"start":{"line":275,"column":22},"end":{"line":275,"column":54}},"54":{"start":{"line":277,"column":4},"end":{"line":281,"column":5}},"55":{"start":{"line":278,"column":19},"end":{"line":278,"column":61}},"56":{"start":{"line":279,"column":6},"end":{"line":279,"column":35}},"57":{"start":{"line":280,"column":6},"end":{"line":280,"column":18}},"58":{"start":{"line":282,"column":4},"end":{"line":282,"column":16}},"59":{"start":{"line":291,"column":21},"end":{"line":291,"column":36}},"60":{"start":{"line":292,"column":20},"end":{"line":292,"column":34}},"61":{"start":{"line":293,"column":28},"end":{"line":293,"column":60}},"62":{"start":{"line":295,"column":4},"end":{"line":299,"column":5}},"63":{"start":{"line":296,"column":24},"end":{"line":296,"column":72}},"64":{"start":{"line":297,"column":6},"end":{"line":297,"column":46}},"65":{"start":{"line":298,"column":6},"end":{"line":298,"column":23}},"66":{"start":{"line":300,"column":4},"end":{"line":300,"column":16}},"67":{"start":{"line":308,"column":17},"end":{"line":308,"column":35}},"68":{"start":{"line":309,"column":4},"end":{"line":312,"column":5}},"69":{"start":{"line":310,"column":6},"end":{"line":310,"column":40}},"70":{"start":{"line":311,"column":6},"end":{"line":311,"column":25}},"71":{"start":{"line":321,"column":21},"end":{"line":321,"column":36}},"72":{"start":{"line":322,"column":18},"end":{"line":322,"column":27}},"73":{"start":{"line":324,"column":4},"end":{"line":334,"column":5}},"74":{"start":{"line":325,"column":6},"end":{"line":325,"column":35}},"75":{"start":{"line":325,"column":26},"end":{"line":325,"column":35}},"76":{"start":{"line":326,"column":6},"end":{"line":333,"column":7}},"77":{"start":{"line":327,"column":8},"end":{"line":327,"column":48}},"78":{"start":{"line":328,"column":8},"end":{"line":330,"column":9}},"79":{"start":{"line":329,"column":10},"end":{"line":329,"column":22}},"80":{"start":{"line":332,"column":8},"end":{"line":332,"column":20}},"81":{"start":{"line":335,"column":4},"end":{"line":335,"column":19}},"82":{"start":{"line":343,"column":20},"end":{"line":343,"column":22}},"83":{"start":{"line":344,"column":21},"end":{"line":351,"column":5}},"84":{"start":{"line":345,"column":6},"end":{"line":345,"column":26}},"85":{"start":{"line":346,"column":6},"end":{"line":350,"column":7}},"86":{"start":{"line":347,"column":8},"end":{"line":349,"column":9}},"87":{"start":{"line":348,"column":10},"end":{"line":348,"column":26}},"88":{"start":{"line":352,"column":4},"end":{"line":352,"column":24}},"89":{"start":{"line":353,"column":4},"end":{"line":353,"column":19}},"90":{"start":{"line":362,"column":22},"end":{"line":362,"column":40}},"91":{"start":{"line":363,"column":4},"end":{"line":365,"column":5}},"92":{"start":{"line":364,"column":6},"end":{"line":364,"column":37}},"93":{"start":{"line":366,"column":4},"end":{"line":366,"column":14}},"94":{"start":{"line":376,"column":4},"end":{"line":378,"column":5}},"95":{"start":{"line":377,"column":6},"end":{"line":377,"column":19}},"96":{"start":{"line":380,"column":4},"end":{"line":385,"column":5}},"97":{"start":{"line":384,"column":6},"end":{"line":384,"column":19}},"98":{"start":{"line":387,"column":4},"end":{"line":389,"column":5}},"99":{"start":{"line":388,"column":6},"end":{"line":388,"column":19}},"100":{"start":{"line":392,"column":4},"end":{"line":392,"column":50}},"101":{"start":{"line":395,"column":4},"end":{"line":395,"column":50}},"102":{"start":{"line":397,"column":4},"end":{"line":397,"column":16}},"103":{"start":{"line":405,"column":27},"end":{"line":426,"column":5}},"104":{"start":{"line":407,"column":17},"end":{"line":407,"column":19}},"105":{"start":{"line":408,"column":13},"end":{"line":408,"column":15}},"106":{"start":{"line":409,"column":6},"end":{"line":411,"column":9}},"107":{"start":{"line":410,"column":8},"end":{"line":410,"column":44}},"108":{"start":{"line":412,"column":6},"end":{"line":414,"column":9}},"109":{"start":{"line":413,"column":8},"end":{"line":413,"column":44}},"110":{"start":{"line":417,"column":6},"end":{"line":422,"column":7}},"111":{"start":{"line":418,"column":19},"end":{"line":418,"column":29}},"112":{"start":{"line":419,"column":19},"end":{"line":419,"column":29}},"113":{"start":{"line":420,"column":19},"end":{"line":420,"column":62}},"114":{"start":{"line":421,"column":8},"end":{"line":421,"column":26}},"115":{"start":{"line":421,"column":16},"end":{"line":421,"column":26}},"116":{"start":{"line":425,"column":6},"end":{"line":425,"column":35}},"117":{"start":{"line":429,"column":24},"end":{"line":452,"column":5}},"118":{"start":{"line":430,"column":6},"end":{"line":451,"column":7}},"119":{"start":{"line":432,"column":25},"end":{"line":432,"column":54}},"120":{"start":{"line":433,"column":8},"end":{"line":442,"column":11}},"121":{"start":{"line":435,"column":10},"end":{"line":437,"column":11}},"122":{"start":{"line":436,"column":12},"end":{"line":436,"column":22}},"123":{"start":{"line":438,"column":10},"end":{"line":440,"column":11}},"124":{"start":{"line":439,"column":12},"end":{"line":439,"column":21}},"125":{"start":{"line":441,"column":10},"end":{"line":441,"column":58}},"126":{"start":{"line":445,"column":8},"end":{"line":445,"column":28}},"127":{"start":{"line":446,"column":8},"end":{"line":450,"column":11}},"128":{"start":{"line":447,"column":10},"end":{"line":447,"column":50}},"129":{"start":{"line":449,"column":10},"end":{"line":449,"column":29}},"130":{"start":{"line":454,"column":4},"end":{"line":454,"column":27}}},"fnMap":{"0":{"name":"(anonymous_0)","decl":{"start":{"line":9,"column":2},"end":{"line":9,"column":3}},"loc":{"start":{"line":9,"column":28},"end":{"line":11,"column":3}},"line":9},"1":{"name":"(anonymous_1)","decl":{"start":{"line":17,"column":2},"end":{"line":17,"column":3}},"loc":{"start":{"line":17,"column":13},"end":{"line":19,"column":3}},"line":17},"2":{"name":"(anonymous_2)","decl":{"start":{"line":25,"column":2},"end":{"line":25,"column":3}},"loc":{"start":{"line":25,"column":9},"end":{"line":27,"column":3}},"line":25},"3":{"name":"(anonymous_3)","decl":{"start":{"line":37,"column":2},"end":{"line":37,"column":3}},"loc":{"start":{"line":37,"column":35},"end":{"line":40,"column":3}},"line":37},"4":{"name":"(anonymous_4)","decl":{"start":{"line":46,"column":2},"end":{"line":46,"column":3}},"loc":{"start":{"line":46,"column":12},"end":{"line":48,"column":3}},"line":46},"5":{"name":"(anonymous_5)","decl":{"start":{"line":54,"column":2},"end":{"line":54,"column":3}},"loc":{"start":{"line":54,"column":12},"end":{"line":56,"column":3}},"line":54},"6":{"name":"(anonymous_6)","decl":{"start":{"line":62,"column":2},"end":{"line":62,"column":3}},"loc":{"start":{"line":62,"column":12},"end":{"line":64,"column":3}},"line":62},"7":{"name":"(anonymous_7)","decl":{"start":{"line":74,"column":2},"end":{"line":74,"column":3}},"loc":{"start":{"line":74,"column":35},"end":{"line":77,"column":3}},"line":74},"8":{"name":"(anonymous_8)","decl":{"start":{"line":83,"column":2},"end":{"line":83,"column":3}},"loc":{"start":{"line":83,"column":12},"end":{"line":85,"column":3}},"line":83},"9":{"name":"(anonymous_9)","decl":{"start":{"line":91,"column":2},"end":{"line":91,"column":3}},"loc":{"start":{"line":91,"column":21},"end":{"line":94,"column":3}},"line":91},"10":{"name":"(anonymous_10)","decl":{"start":{"line":101,"column":2},"end":{"line":101,"column":3}},"loc":{"start":{"line":101,"column":21},"end":{"line":103,"column":3}},"line":101},"11":{"name":"(anonymous_11)","decl":{"start":{"line":109,"column":2},"end":{"line":109,"column":3}},"loc":{"start":{"line":109,"column":18},"end":{"line":111,"column":3}},"line":109},"12":{"name":"(anonymous_12)","decl":{"start":{"line":117,"column":2},"end":{"line":117,"column":3}},"loc":{"start":{"line":117,"column":24},"end":{"line":119,"column":3}},"line":117},"13":{"name":"(anonymous_13)","decl":{"start":{"line":125,"column":2},"end":{"line":125,"column":3}},"loc":{"start":{"line":125,"column":16},"end":{"line":127,"column":3}},"line":125},"14":{"name":"(anonymous_14)","decl":{"start":{"line":138,"column":2},"end":{"line":138,"column":3}},"loc":{"start":{"line":138,"column":49},"end":{"line":141,"column":3}},"line":138},"15":{"name":"(anonymous_15)","decl":{"start":{"line":147,"column":2},"end":{"line":147,"column":3}},"loc":{"start":{"line":147,"column":12},"end":{"line":149,"column":3}},"line":147},"16":{"name":"(anonymous_16)","decl":{"start":{"line":155,"column":2},"end":{"line":155,"column":3}},"loc":{"start":{"line":155,"column":15},"end":{"line":157,"column":3}},"line":155},"17":{"name":"(anonymous_17)","decl":{"start":{"line":163,"column":2},"end":{"line":163,"column":3}},"loc":{"start":{"line":163,"column":22},"end":{"line":165,"column":3}},"line":163},"18":{"name":"(anonymous_18)","decl":{"start":{"line":174,"column":2},"end":{"line":174,"column":3}},"loc":{"start":{"line":174,"column":24},"end":{"line":177,"column":3}},"line":174},"19":{"name":"(anonymous_19)","decl":{"start":{"line":184,"column":2},"end":{"line":184,"column":3}},"loc":{"start":{"line":184,"column":16},"end":{"line":197,"column":3}},"line":184},"20":{"name":"(anonymous_20)","decl":{"start":{"line":185,"column":22},"end":{"line":185,"column":23}},"loc":{"start":{"line":185,"column":33},"end":{"line":195,"column":5}},"line":185},"21":{"name":"(anonymous_21)","decl":{"start":{"line":204,"column":2},"end":{"line":204,"column":3}},"loc":{"start":{"line":204,"column":22},"end":{"line":219,"column":3}},"line":204},"22":{"name":"(anonymous_22)","decl":{"start":{"line":205,"column":24},"end":{"line":205,"column":25}},"loc":{"start":{"line":205,"column":48},"end":{"line":216,"column":5}},"line":205},"23":{"name":"(anonymous_23)","decl":{"start":{"line":211,"column":29},"end":{"line":211,"column":30}},"loc":{"start":{"line":212,"column":10},"end":{"line":212,"column":58}},"line":212},"24":{"name":"(anonymous_24)","decl":{"start":{"line":224,"column":2},"end":{"line":224,"column":3}},"loc":{"start":{"line":224,"column":9},"end":{"line":227,"column":3}},"line":224},"25":{"name":"(anonymous_25)","decl":{"start":{"line":232,"column":2},"end":{"line":232,"column":3}},"loc":{"start":{"line":232,"column":9},"end":{"line":239,"column":3}},"line":232},"26":{"name":"(anonymous_26)","decl":{"start":{"line":246,"column":2},"end":{"line":246,"column":3}},"loc":{"start":{"line":246,"column":23},"end":{"line":265,"column":3}},"line":246},"27":{"name":"(anonymous_27)","decl":{"start":{"line":249,"column":19},"end":{"line":249,"column":20}},"loc":{"start":{"line":249,"column":30},"end":{"line":261,"column":5}},"line":249},"28":{"name":"(anonymous_28)","decl":{"start":{"line":272,"column":2},"end":{"line":272,"column":3}},"loc":{"start":{"line":272,"column":19},"end":{"line":283,"column":3}},"line":272},"29":{"name":"(anonymous_29)","decl":{"start":{"line":290,"column":2},"end":{"line":290,"column":3}},"loc":{"start":{"line":290,"column":24},"end":{"line":301,"column":3}},"line":290},"30":{"name":"(anonymous_30)","decl":{"start":{"line":307,"column":2},"end":{"line":307,"column":3}},"loc":{"start":{"line":307,"column":19},"end":{"line":313,"column":3}},"line":307},"31":{"name":"(anonymous_31)","decl":{"start":{"line":320,"column":2},"end":{"line":320,"column":3}},"loc":{"start":{"line":320,"column":16},"end":{"line":336,"column":3}},"line":320},"32":{"name":"(anonymous_32)","decl":{"start":{"line":342,"column":2},"end":{"line":342,"column":3}},"loc":{"start":{"line":342,"column":13},"end":{"line":354,"column":3}},"line":342},"33":{"name":"(anonymous_33)","decl":{"start":{"line":344,"column":21},"end":{"line":344,"column":22}},"loc":{"start":{"line":344,"column":32},"end":{"line":351,"column":5}},"line":344},"34":{"name":"(anonymous_34)","decl":{"start":{"line":361,"column":2},"end":{"line":361,"column":3}},"loc":{"start":{"line":361,"column":23},"end":{"line":367,"column":3}},"line":361},"35":{"name":"(anonymous_35)","decl":{"start":{"line":375,"column":2},"end":{"line":375,"column":3}},"loc":{"start":{"line":375,"column":45},"end":{"line":398,"column":3}},"line":375},"36":{"name":"(anonymous_36)","decl":{"start":{"line":403,"column":2},"end":{"line":403,"column":3}},"loc":{"start":{"line":403,"column":14},"end":{"line":455,"column":3}},"line":403},"37":{"name":"(anonymous_37)","decl":{"start":{"line":405,"column":27},"end":{"line":405,"column":28}},"loc":{"start":{"line":405,"column":37},"end":{"line":426,"column":5}},"line":405},"38":{"name":"(anonymous_38)","decl":{"start":{"line":409,"column":32},"end":{"line":409,"column":33}},"loc":{"start":{"line":409,"column":47},"end":{"line":411,"column":7}},"line":409},"39":{"name":"(anonymous_39)","decl":{"start":{"line":412,"column":32},"end":{"line":412,"column":33}},"loc":{"start":{"line":412,"column":47},"end":{"line":414,"column":7}},"line":412},"40":{"name":"(anonymous_40)","decl":{"start":{"line":429,"column":24},"end":{"line":429,"column":25}},"loc":{"start":{"line":429,"column":35},"end":{"line":452,"column":5}},"line":429},"41":{"name":"(anonymous_41)","decl":{"start":{"line":433,"column":22},"end":{"line":433,"column":23}},"loc":{"start":{"line":433,"column":32},"end":{"line":442,"column":9}},"line":433},"42":{"name":"(anonymous_42)","decl":{"start":{"line":446,"column":25},"end":{"line":446,"column":26}},"loc":{"start":{"line":446,"column":36},"end":{"line":450,"column":9}},"line":446}},"branchMap":{"0":{"loc":{"start":{"line":37,"column":20},"end":{"line":37,"column":33}},"type":"default-arg","locations":[{"start":{"line":37,"column":29},"end":{"line":37,"column":33}}],"line":37},"1":{"loc":{"start":{"line":55,"column":11},"end":{"line":55,"column":76}},"type":"cond-expr","locations":[{"start":{"line":55,"column":25},"end":{"line":55,"column":64}},{"start":{"line":55,"column":67},"end":{"line":55,"column":76}}],"line":55},"2":{"loc":{"start":{"line":74,"column":20},"end":{"line":74,"column":33}},"type":"default-arg","locations":[{"start":{"line":74,"column":29},"end":{"line":74,"column":33}}],"line":74},"3":{"loc":{"start":{"line":102,"column":11},"end":{"line":102,"column":38}},"type":"binary-expr","locations":[{"start":{"line":102,"column":11},"end":{"line":102,"column":30}},{"start":{"line":102,"column":34},"end":{"line":102,"column":38}}],"line":102},"4":{"loc":{"start":{"line":138,"column":20},"end":{"line":138,"column":32}},"type":"default-arg","locations":[{"start":{"line":138,"column":30},"end":{"line":138,"column":32}}],"line":138},"5":{"loc":{"start":{"line":138,"column":34},"end":{"line":138,"column":47}},"type":"default-arg","locations":[{"start":{"line":138,"column":43},"end":{"line":138,"column":47}}],"line":138},"6":{"loc":{"start":{"line":189,"column":17},"end":{"line":189,"column":36}},"type":"binary-expr","locations":[{"start":{"line":189,"column":17},"end":{"line":189,"column":30}},{"start":{"line":189,"column":34},"end":{"line":189,"column":36}}],"line":189},"7":{"loc":{"start":{"line":190,"column":18},"end":{"line":192,"column":21}},"type":"cond-expr","locations":[{"start":{"line":191,"column":12},"end":{"line":191,"column":56}},{"start":{"line":192,"column":12},"end":{"line":192,"column":21}}],"line":190},"8":{"loc":{"start":{"line":205,"column":30},"end":{"line":205,"column":43}},"type":"default-arg","locations":[{"start":{"line":205,"column":39},"end":{"line":205,"column":43}}],"line":205},"9":{"loc":{"start":{"line":207,"column":8},"end":{"line":209,"column":60}},"type":"cond-expr","locations":[{"start":{"line":208,"column":12},"end":{"line":208,"column":52}},{"start":{"line":209,"column":12},"end":{"line":209,"column":60}}],"line":207},"10":{"loc":{"start":{"line":210,"column":6},"end":{"line":214,"column":7}},"type":"if","locations":[{"start":{"line":210,"column":6},"end":{"line":214,"column":7}},{"start":{},"end":{}}],"line":210},"11":{"loc":{"start":{"line":210,"column":10},"end":{"line":210,"column":57}},"type":"binary-expr","locations":[{"start":{"line":210,"column":10},"end":{"line":210,"column":41}},{"start":{"line":210,"column":45},"end":{"line":210,"column":57}}],"line":210},"12":{"loc":{"start":{"line":234,"column":4},"end":{"line":237,"column":5}},"type":"if","locations":[{"start":{"line":234,"column":4},"end":{"line":237,"column":5}},{"start":{},"end":{}}],"line":234},"13":{"loc":{"start":{"line":250,"column":6},"end":{"line":255,"column":7}},"type":"if","locations":[{"start":{"line":250,"column":6},"end":{"line":255,"column":7}},{"start":{},"end":{}}],"line":250},"14":{"loc":{"start":{"line":251,"column":8},"end":{"line":252,"column":80}},"type":"binary-expr","locations":[{"start":{"line":251,"column":8},"end":{"line":251,"column":41}},{"start":{"line":252,"column":9},"end":{"line":252,"column":39}},{"start":{"line":252,"column":43},"end":{"line":252,"column":79}}],"line":251},"15":{"loc":{"start":{"line":256,"column":6},"end":{"line":260,"column":7}},"type":"if","locations":[{"start":{"line":256,"column":6},"end":{"line":260,"column":7}},{"start":{},"end":{}}],"line":256},"16":{"loc":{"start":{"line":277,"column":4},"end":{"line":281,"column":5}},"type":"if","locations":[{"start":{"line":277,"column":4},"end":{"line":281,"column":5}},{"start":{},"end":{}}],"line":277},"17":{"loc":{"start":{"line":277,"column":8},"end":{"line":277,"column":56}},"type":"binary-expr","locations":[{"start":{"line":277,"column":8},"end":{"line":277,"column":17}},{"start":{"line":277,"column":21},"end":{"line":277,"column":56}}],"line":277},"18":{"loc":{"start":{"line":295,"column":4},"end":{"line":299,"column":5}},"type":"if","locations":[{"start":{"line":295,"column":4},"end":{"line":299,"column":5}},{"start":{},"end":{}}],"line":295},"19":{"loc":{"start":{"line":295,"column":8},"end":{"line":295,"column":68}},"type":"binary-expr","locations":[{"start":{"line":295,"column":8},"end":{"line":295,"column":23}},{"start":{"line":295,"column":27},"end":{"line":295,"column":68}}],"line":295},"20":{"loc":{"start":{"line":309,"column":4},"end":{"line":312,"column":5}},"type":"if","locations":[{"start":{"line":309,"column":4},"end":{"line":312,"column":5}},{"start":{},"end":{}}],"line":309},"21":{"loc":{"start":{"line":309,"column":8},"end":{"line":309,"column":27}},"type":"binary-expr","locations":[{"start":{"line":309,"column":8},"end":{"line":309,"column":12}},{"start":{"line":309,"column":16},"end":{"line":309,"column":27}}],"line":309},"22":{"loc":{"start":{"line":325,"column":6},"end":{"line":325,"column":35}},"type":"if","locations":[{"start":{"line":325,"column":6},"end":{"line":325,"column":35}},{"start":{},"end":{}}],"line":325},"23":{"loc":{"start":{"line":326,"column":6},"end":{"line":333,"column":7}},"type":"if","locations":[{"start":{"line":326,"column":6},"end":{"line":333,"column":7}},{"start":{"line":331,"column":13},"end":{"line":333,"column":7}}],"line":326},"24":{"loc":{"start":{"line":328,"column":8},"end":{"line":330,"column":9}},"type":"if","locations":[{"start":{"line":328,"column":8},"end":{"line":330,"column":9}},{"start":{},"end":{}}],"line":328},"25":{"loc":{"start":{"line":346,"column":6},"end":{"line":350,"column":7}},"type":"if","locations":[{"start":{"line":346,"column":6},"end":{"line":350,"column":7}},{"start":{},"end":{}}],"line":346},"26":{"loc":{"start":{"line":363,"column":4},"end":{"line":365,"column":5}},"type":"if","locations":[{"start":{"line":363,"column":4},"end":{"line":365,"column":5}},{"start":{},"end":{}}],"line":363},"27":{"loc":{"start":{"line":363,"column":8},"end":{"line":363,"column":56}},"type":"binary-expr","locations":[{"start":{"line":363,"column":8},"end":{"line":363,"column":17}},{"start":{"line":363,"column":21},"end":{"line":363,"column":56}}],"line":363},"28":{"loc":{"start":{"line":376,"column":4},"end":{"line":378,"column":5}},"type":"if","locations":[{"start":{"line":376,"column":4},"end":{"line":378,"column":5}},{"start":{},"end":{}}],"line":376},"29":{"loc":{"start":{"line":376,"column":8},"end":{"line":376,"column":41}},"type":"binary-expr","locations":[{"start":{"line":376,"column":8},"end":{"line":376,"column":19}},{"start":{"line":376,"column":23},"end":{"line":376,"column":41}}],"line":376},"30":{"loc":{"start":{"line":380,"column":4},"end":{"line":385,"column":5}},"type":"if","locations":[{"start":{"line":380,"column":4},"end":{"line":385,"column":5}},{"start":{},"end":{}}],"line":380},"31":{"loc":{"start":{"line":381,"column":6},"end":{"line":382,"column":52}},"type":"binary-expr","locations":[{"start":{"line":381,"column":6},"end":{"line":381,"column":27}},{"start":{"line":382,"column":6},"end":{"line":382,"column":52}}],"line":381},"32":{"loc":{"start":{"line":387,"column":4},"end":{"line":389,"column":5}},"type":"if","locations":[{"start":{"line":387,"column":4},"end":{"line":389,"column":5}},{"start":{},"end":{}}],"line":387},"33":{"loc":{"start":{"line":410,"column":17},"end":{"line":410,"column":31}},"type":"binary-expr","locations":[{"start":{"line":410,"column":17},"end":{"line":410,"column":19}},{"start":{"line":410,"column":23},"end":{"line":410,"column":31}}],"line":410},"34":{"loc":{"start":{"line":410,"column":33},"end":{"line":410,"column":41}},"type":"binary-expr","locations":[{"start":{"line":410,"column":33},"end":{"line":410,"column":35}},{"start":{"line":410,"column":39},"end":{"line":410,"column":41}}],"line":410},"35":{"loc":{"start":{"line":413,"column":17},"end":{"line":413,"column":31}},"type":"binary-expr","locations":[{"start":{"line":413,"column":17},"end":{"line":413,"column":19}},{"start":{"line":413,"column":23},"end":{"line":413,"column":31}}],"line":413},"36":{"loc":{"start":{"line":413,"column":33},"end":{"line":413,"column":41}},"type":"binary-expr","locations":[{"start":{"line":413,"column":33},"end":{"line":413,"column":35}},{"start":{"line":413,"column":39},"end":{"line":413,"column":41}}],"line":413},"37":{"loc":{"start":{"line":417,"column":13},"end":{"line":417,"column":35}},"type":"binary-expr","locations":[{"start":{"line":417,"column":13},"end":{"line":417,"column":22}},{"start":{"line":417,"column":26},"end":{"line":417,"column":35}}],"line":417},"38":{"loc":{"start":{"line":420,"column":19},"end":{"line":420,"column":62}},"type":"binary-expr","locations":[{"start":{"line":420,"column":19},"end":{"line":420,"column":32}},{"start":{"line":420,"column":36},"end":{"line":420,"column":62}}],"line":420},"39":{"loc":{"start":{"line":421,"column":8},"end":{"line":421,"column":26}},"type":"if","locations":[{"start":{"line":421,"column":8},"end":{"line":421,"column":26}},{"start":{},"end":{}}],"line":421},"40":{"loc":{"start":{"line":430,"column":6},"end":{"line":451,"column":7}},"type":"if","locations":[{"start":{"line":430,"column":6},"end":{"line":451,"column":7}},{"start":{},"end":{}}],"line":430},"41":{"loc":{"start":{"line":435,"column":10},"end":{"line":437,"column":11}},"type":"if","locations":[{"start":{"line":435,"column":10},"end":{"line":437,"column":11}},{"start":{},"end":{}}],"line":435},"42":{"loc":{"start":{"line":435,"column":14},"end":{"line":435,"column":72}},"type":"binary-expr","locations":[{"start":{"line":435,"column":14},"end":{"line":435,"column":41}},{"start":{"line":435,"column":45},"end":{"line":435,"column":72}}],"line":435},"43":{"loc":{"start":{"line":438,"column":10},"end":{"line":440,"column":11}},"type":"if","locations":[{"start":{"line":438,"column":10},"end":{"line":440,"column":11}},{"start":{},"end":{}}],"line":438},"44":{"loc":{"start":{"line":438,"column":14},"end":{"line":438,"column":72}},"type":"binary-expr","locations":[{"start":{"line":438,"column":14},"end":{"line":438,"column":41}},{"start":{"line":438,"column":45},"end":{"line":438,"column":72}}],"line":438}},"s":{"0":9,"1":1,"2":1,"3":32,"4":32,"5":35,"6":3,"7":1,"8":19,"9":19,"10":32,"11":22,"12":22,"13":29,"14":1,"15":2,"16":10,"17":12,"18":12,"19":15,"20":4,"21":2,"22":9,"23":9,"24":0,"25":0,"26":0,"27":0,"28":0,"29":0,"30":0,"31":0,"32":0,"33":0,"34":0,"35":0,"36":0,"37":0,"38":0,"39":0,"40":0,"41":0,"42":2,"43":2,"44":8,"45":3,"46":8,"47":4,"48":6,"49":2,"50":2,"51":10,"52":10,"53":10,"54":10,"55":10,"56":10,"57":10,"58":0,"59":9,"60":9,"61":9,"62":9,"63":9,"64":9,"65":9,"66":0,"67":1,"68":1,"69":1,"70":1,"71":30,"72":30,"73":30,"74":37,"75":8,"76":29,"77":29,"78":29,"79":2,"80":0,"81":28,"82":1,"83":1,"84":4,"85":4,"86":2,"87":3,"88":1,"89":1,"90":3,"91":3,"92":3,"93":0,"94":1,"95":0,"96":1,"97":0,"98":1,"99":0,"100":1,"101":1,"102":1,"103":1,"104":4,"105":4,"106":4,"107":11,"108":4,"109":11,"110":4,"111":8,"112":8,"113":8,"114":8,"115":4,"116":0,"117":1,"118":8,"119":4,"120":4,"121":5,"122":0,"123":5,"124":1,"125":4,"126":4,"127":4,"128":7,"129":7,"130":1},"f":{"0":9,"1":1,"2":1,"3":32,"4":35,"5":3,"6":1,"7":19,"8":32,"9":22,"10":29,"11":1,"12":2,"13":10,"14":12,"15":15,"16":4,"17":2,"18":9,"19":0,"20":0,"21":0,"22":0,"23":0,"24":0,"25":0,"26":2,"27":8,"28":10,"29":9,"30":1,"31":30,"32":1,"33":4,"34":3,"35":1,"36":1,"37":4,"38":11,"39":11,"40":8,"41":5,"42":7},"b":{"0":[1],"1":[1,2],"2":[10],"3":[29,2],"4":[0],"5":[2],"6":[0,0],"7":[0,0],"8":[0],"9":[0,0],"10":[0,0],"11":[0,0],"12":[0,0],"13":[3,5],"14":[8,8,4],"15":[4,4],"16":[10,0],"17":[10,10],"18":[9,0],"19":[9,9],"20":[1,0],"21":[1,1],"22":[8,29],"23":[29,0],"24":[2,27],"25":[2,2],"26":[3,0],"27":[3,3],"28":[0,1],"29":[1,1],"30":[0,1],"31":[1,1],"32":[0,1],"33":[11,7],"34":[11,4],"35":[11,7],"36":[11,4],"37":[8,8],"38":[8,4],"39":[4,4],"40":[4,4],"41":[0,5],"42":[5,1],"43":[1,4],"44":[5,4]},"_coverageSchema":"1a1c01bbd47fc00a2c39e90264f33305004495a9","hash":"7d2ef215e05ee7cc5422a87b257c9e39fc8fb4f0"}
,"/Users/sunho/dev/cse110-sp24-group17/source/modules/models/mdast.js": {"path":"/Users/sunho/dev/cse110-sp24-group17/source/modules/models/mdast.js","statementMap":{"0":{"start":{"line":26,"column":4},"end":{"line":26,"column":45}},"1":{"start":{"line":30,"column":4},"end":{"line":30,"column":49}},"2":{"start":{"line":36,"column":4},"end":{"line":36,"column":23}},"3":{"start":{"line":40,"column":4},"end":{"line":40,"column":49}},"4":{"start":{"line":44,"column":4},"end":{"line":44,"column":42}},"5":{"start":{"line":48,"column":4},"end":{"line":48,"column":50}},"6":{"start":{"line":54,"column":4},"end":{"line":54,"column":12}},"7":{"start":{"line":55,"column":4},"end":{"line":55,"column":21}},"8":{"start":{"line":56,"column":4},"end":{"line":56,"column":23}},"9":{"start":{"line":62,"column":4},"end":{"line":62,"column":25}},"10":{"start":{"line":63,"column":4},"end":{"line":63,"column":23}},"11":{"start":{"line":67,"column":4},"end":{"line":67,"column":49}},"12":{"start":{"line":71,"column":16},"end":{"line":71,"column":43}},"13":{"start":{"line":72,"column":4},"end":{"line":72,"column":48}},"14":{"start":{"line":76,"column":4},"end":{"line":76,"column":42}},"15":{"start":{"line":80,"column":4},"end":{"line":80,"column":50}},"16":{"start":{"line":85,"column":15},"end":{"line":85,"column":45}},"17":{"start":{"line":86,"column":2},"end":{"line":86,"column":26}},"18":{"start":{"line":87,"column":2},"end":{"line":87,"column":14}},"19":{"start":{"line":92,"column":4},"end":{"line":92,"column":18}},"20":{"start":{"line":93,"column":4},"end":{"line":93,"column":21}},"21":{"start":{"line":97,"column":4},"end":{"line":97,"column":21}},"22":{"start":{"line":101,"column":4},"end":{"line":101,"column":18}},"23":{"start":{"line":105,"column":17},"end":{"line":105,"column":47}},"24":{"start":{"line":106,"column":4},"end":{"line":106,"column":33}},"25":{"start":{"line":107,"column":4},"end":{"line":107,"column":16}},"26":{"start":{"line":113,"column":4},"end":{"line":113,"column":18}},"27":{"start":{"line":114,"column":4},"end":{"line":114,"column":23}},"28":{"start":{"line":115,"column":4},"end":{"line":115,"column":29}},"29":{"start":{"line":119,"column":14},"end":{"line":119,"column":27}},"30":{"start":{"line":120,"column":4},"end":{"line":122,"column":5}},"31":{"start":{"line":121,"column":6},"end":{"line":121,"column":35}},"32":{"start":{"line":123,"column":4},"end":{"line":123,"column":25}},"33":{"start":{"line":124,"column":4},"end":{"line":124,"column":15}},"34":{"start":{"line":128,"column":4},"end":{"line":128,"column":18}},"35":{"start":{"line":132,"column":17},"end":{"line":132,"column":44}},"36":{"start":{"line":133,"column":4},"end":{"line":133,"column":67}},"37":{"start":{"line":133,"column":16},"end":{"line":133,"column":67}},"38":{"start":{"line":134,"column":4},"end":{"line":136,"column":5}},"39":{"start":{"line":135,"column":6},"end":{"line":135,"column":59}},"40":{"start":{"line":137,"column":4},"end":{"line":137,"column":67}},"41":{"start":{"line":137,"column":16},"end":{"line":137,"column":67}},"42":{"start":{"line":138,"column":4},"end":{"line":138,"column":16}},"43":{"start":{"line":144,"column":4},"end":{"line":144,"column":40}},"44":{"start":{"line":147,"column":4},"end":{"line":147,"column":21}},"45":{"start":{"line":151,"column":17},"end":{"line":151,"column":47}},"46":{"start":{"line":152,"column":17},"end":{"line":152,"column":47}},"47":{"start":{"line":153,"column":4},"end":{"line":153,"column":27}},"48":{"start":{"line":154,"column":4},"end":{"line":154,"column":27}},"49":{"start":{"line":155,"column":4},"end":{"line":157,"column":5}},"50":{"start":{"line":156,"column":6},"end":{"line":156,"column":59}},"51":{"start":{"line":158,"column":18},"end":{"line":158,"column":48}},"52":{"start":{"line":159,"column":4},"end":{"line":159,"column":28}},"53":{"start":{"line":160,"column":4},"end":{"line":160,"column":28}},"54":{"start":{"line":161,"column":4},"end":{"line":161,"column":16}},"55":{"start":{"line":167,"column":4},"end":{"line":167,"column":42}},"56":{"start":{"line":170,"column":4},"end":{"line":170,"column":18}},"57":{"start":{"line":174,"column":17},"end":{"line":174,"column":44}},"58":{"start":{"line":175,"column":4},"end":{"line":175,"column":67}},"59":{"start":{"line":175,"column":16},"end":{"line":175,"column":67}},"60":{"start":{"line":176,"column":4},"end":{"line":178,"column":5}},"61":{"start":{"line":177,"column":6},"end":{"line":177,"column":59}},"62":{"start":{"line":179,"column":4},"end":{"line":179,"column":67}},"63":{"start":{"line":179,"column":16},"end":{"line":179,"column":67}},"64":{"start":{"line":180,"column":4},"end":{"line":180,"column":16}},"65":{"start":{"line":186,"column":4},"end":{"line":186,"column":40}},"66":{"start":{"line":189,"column":4},"end":{"line":189,"column":20}},"67":{"start":{"line":193,"column":17},"end":{"line":193,"column":44}},"68":{"start":{"line":194,"column":4},"end":{"line":194,"column":67}},"69":{"start":{"line":194,"column":16},"end":{"line":194,"column":67}},"70":{"start":{"line":195,"column":4},"end":{"line":197,"column":5}},"71":{"start":{"line":196,"column":6},"end":{"line":196,"column":59}},"72":{"start":{"line":198,"column":4},"end":{"line":198,"column":67}},"73":{"start":{"line":198,"column":16},"end":{"line":198,"column":67}},"74":{"start":{"line":199,"column":4},"end":{"line":199,"column":16}},"75":{"start":{"line":205,"column":4},"end":{"line":205,"column":40}},"76":{"start":{"line":208,"column":4},"end":{"line":208,"column":19}},"77":{"start":{"line":212,"column":17},"end":{"line":212,"column":47}},"78":{"start":{"line":213,"column":17},"end":{"line":213,"column":47}},"79":{"start":{"line":214,"column":4},"end":{"line":214,"column":27}},"80":{"start":{"line":215,"column":4},"end":{"line":215,"column":27}},"81":{"start":{"line":216,"column":4},"end":{"line":218,"column":5}},"82":{"start":{"line":217,"column":6},"end":{"line":217,"column":58}},"83":{"start":{"line":219,"column":18},"end":{"line":219,"column":48}},"84":{"start":{"line":220,"column":4},"end":{"line":220,"column":28}},"85":{"start":{"line":221,"column":4},"end":{"line":221,"column":28}},"86":{"start":{"line":222,"column":4},"end":{"line":222,"column":16}},"87":{"start":{"line":228,"column":4},"end":{"line":228,"column":18}},"88":{"start":{"line":229,"column":4},"end":{"line":229,"column":29}},"89":{"start":{"line":230,"column":4},"end":{"line":230,"column":19}},"90":{"start":{"line":234,"column":14},"end":{"line":234,"column":17}},"91":{"start":{"line":235,"column":4},"end":{"line":237,"column":5}},"92":{"start":{"line":236,"column":6},"end":{"line":236,"column":35}},"93":{"start":{"line":238,"column":4},"end":{"line":238,"column":33}},"94":{"start":{"line":239,"column":4},"end":{"line":239,"column":15}},"95":{"start":{"line":243,"column":4},"end":{"line":243,"column":18}},"96":{"start":{"line":247,"column":17},"end":{"line":247,"column":47}},"97":{"start":{"line":248,"column":4},"end":{"line":248,"column":25}},"98":{"start":{"line":249,"column":4},"end":{"line":249,"column":57}},"99":{"start":{"line":249,"column":16},"end":{"line":249,"column":57}},"100":{"start":{"line":250,"column":18},"end":{"line":250,"column":45}},"101":{"start":{"line":251,"column":4},"end":{"line":251,"column":26}},"102":{"start":{"line":252,"column":4},"end":{"line":254,"column":5}},"103":{"start":{"line":253,"column":6},"end":{"line":253,"column":60}},"104":{"start":{"line":255,"column":4},"end":{"line":255,"column":28}},"105":{"start":{"line":256,"column":4},"end":{"line":256,"column":70}},"106":{"start":{"line":256,"column":16},"end":{"line":256,"column":70}},"107":{"start":{"line":257,"column":4},"end":{"line":257,"column":16}},"108":{"start":{"line":263,"column":4},"end":{"line":263,"column":18}},"109":{"start":{"line":264,"column":4},"end":{"line":264,"column":29}},"110":{"start":{"line":265,"column":4},"end":{"line":265,"column":19}},"111":{"start":{"line":269,"column":14},"end":{"line":269,"column":18}},"112":{"start":{"line":270,"column":4},"end":{"line":272,"column":5}},"113":{"start":{"line":271,"column":6},"end":{"line":271,"column":35}},"114":{"start":{"line":273,"column":4},"end":{"line":273,"column":33}},"115":{"start":{"line":274,"column":4},"end":{"line":274,"column":15}},"116":{"start":{"line":278,"column":4},"end":{"line":278,"column":18}},"117":{"start":{"line":282,"column":17},"end":{"line":282,"column":47}},"118":{"start":{"line":283,"column":4},"end":{"line":283,"column":58}},"119":{"start":{"line":283,"column":16},"end":{"line":283,"column":58}},"120":{"start":{"line":284,"column":18},"end":{"line":284,"column":47}},"121":{"start":{"line":285,"column":20},"end":{"line":285,"column":49}},"122":{"start":{"line":286,"column":4},"end":{"line":288,"column":5}},"123":{"start":{"line":287,"column":6},"end":{"line":287,"column":26}},"124":{"start":{"line":289,"column":4},"end":{"line":289,"column":28}},"125":{"start":{"line":290,"column":4},"end":{"line":290,"column":70}},"126":{"start":{"line":290,"column":16},"end":{"line":290,"column":70}},"127":{"start":{"line":291,"column":4},"end":{"line":291,"column":16}},"128":{"start":{"line":297,"column":4},"end":{"line":297,"column":42}},"129":{"start":{"line":301,"column":4},"end":{"line":301,"column":24}},"130":{"start":{"line":305,"column":17},"end":{"line":305,"column":44}},"131":{"start":{"line":306,"column":4},"end":{"line":306,"column":20}},"132":{"start":{"line":307,"column":4},"end":{"line":309,"column":5}},"133":{"start":{"line":308,"column":6},"end":{"line":308,"column":59}},"134":{"start":{"line":310,"column":4},"end":{"line":313,"column":7}},"135":{"start":{"line":311,"column":6},"end":{"line":311,"column":25}},"136":{"start":{"line":312,"column":6},"end":{"line":312,"column":60}},"137":{"start":{"line":314,"column":4},"end":{"line":314,"column":16}},"138":{"start":{"line":319,"column":14},"end":{"line":319,"column":55}},"139":{"start":{"line":320,"column":22},"end":{"line":326,"column":3}},"140":{"start":{"line":327,"column":19},"end":{"line":327,"column":21}},"141":{"start":{"line":328,"column":2},"end":{"line":330,"column":3}},"142":{"start":{"line":329,"column":4},"end":{"line":329,"column":23}},"143":{"start":{"line":331,"column":12},"end":{"line":331,"column":13}},"144":{"start":{"line":332,"column":26},"end":{"line":347,"column":3}},"145":{"start":{"line":333,"column":15},"end":{"line":333,"column":18}},"146":{"start":{"line":334,"column":14},"end":{"line":334,"column":15}},"147":{"start":{"line":335,"column":4},"end":{"line":344,"column":5}},"148":{"start":{"line":336,"column":6},"end":{"line":338,"column":7}},"149":{"start":{"line":337,"column":8},"end":{"line":337,"column":14}},"150":{"start":{"line":339,"column":6},"end":{"line":339,"column":12}},"151":{"start":{"line":340,"column":6},"end":{"line":340,"column":12}},"152":{"start":{"line":341,"column":6},"end":{"line":343,"column":7}},"153":{"start":{"line":342,"column":8},"end":{"line":342,"column":14}},"154":{"start":{"line":345,"column":4},"end":{"line":345,"column":15}},"155":{"start":{"line":346,"column":4},"end":{"line":346,"column":15}},"156":{"start":{"line":348,"column":26},"end":{"line":350,"column":3}},"157":{"start":{"line":349,"column":4},"end":{"line":349,"column":70}},"158":{"start":{"line":351,"column":24},"end":{"line":370,"column":3}},"159":{"start":{"line":352,"column":14},"end":{"line":352,"column":16}},"160":{"start":{"line":353,"column":4},"end":{"line":365,"column":5}},"161":{"start":{"line":359,"column":19},"end":{"line":359,"column":42}},"162":{"start":{"line":360,"column":6},"end":{"line":362,"column":7}},"163":{"start":{"line":361,"column":8},"end":{"line":361,"column":44}},"164":{"start":{"line":363,"column":6},"end":{"line":363,"column":43}},"165":{"start":{"line":364,"column":6},"end":{"line":364,"column":18}},"166":{"start":{"line":366,"column":4},"end":{"line":366,"column":22}},"167":{"start":{"line":367,"column":4},"end":{"line":367,"column":18}},"168":{"start":{"line":368,"column":4},"end":{"line":368,"column":16}},"169":{"start":{"line":369,"column":4},"end":{"line":369,"column":15}},"170":{"start":{"line":371,"column":2},"end":{"line":452,"column":3}},"171":{"start":{"line":372,"column":18},"end":{"line":372,"column":23}},"172":{"start":{"line":373,"column":4},"end":{"line":395,"column":5}},"173":{"start":{"line":375,"column":16},"end":{"line":375,"column":55}},"174":{"start":{"line":376,"column":6},"end":{"line":384,"column":7}},"175":{"start":{"line":377,"column":8},"end":{"line":383,"column":9}},"176":{"start":{"line":378,"column":27},"end":{"line":378,"column":46}},"177":{"start":{"line":379,"column":10},"end":{"line":379,"column":57}},"178":{"start":{"line":380,"column":10},"end":{"line":380,"column":21}},"179":{"start":{"line":381,"column":10},"end":{"line":381,"column":25}},"180":{"start":{"line":382,"column":10},"end":{"line":382,"column":16}},"181":{"start":{"line":386,"column":6},"end":{"line":386,"column":50}},"182":{"start":{"line":387,"column":6},"end":{"line":394,"column":7}},"183":{"start":{"line":388,"column":8},"end":{"line":388,"column":25}},"184":{"start":{"line":389,"column":8},"end":{"line":389,"column":61}},"185":{"start":{"line":390,"column":8},"end":{"line":390,"column":60}},"186":{"start":{"line":391,"column":8},"end":{"line":391,"column":19}},"187":{"start":{"line":392,"column":8},"end":{"line":392,"column":23}},"188":{"start":{"line":393,"column":8},"end":{"line":393,"column":14}},"189":{"start":{"line":396,"column":4},"end":{"line":446,"column":5}},"190":{"start":{"line":399,"column":6},"end":{"line":444,"column":7}},"191":{"start":{"line":403,"column":21},"end":{"line":403,"column":47}},"192":{"start":{"line":404,"column":27},"end":{"line":404,"column":53}},"193":{"start":{"line":405,"column":8},"end":{"line":443,"column":9}},"194":{"start":{"line":410,"column":10},"end":{"line":432,"column":11}},"195":{"start":{"line":411,"column":30},"end":{"line":411,"column":56}},"196":{"start":{"line":412,"column":12},"end":{"line":431,"column":13}},"197":{"start":{"line":416,"column":14},"end":{"line":419,"column":16}},"198":{"start":{"line":420,"column":14},"end":{"line":420,"column":26}},"199":{"start":{"line":421,"column":14},"end":{"line":421,"column":26}},"200":{"start":{"line":422,"column":14},"end":{"line":429,"column":17}},"201":{"start":{"line":430,"column":14},"end":{"line":430,"column":23}},"202":{"start":{"line":433,"column":10},"end":{"line":433,"column":22}},"203":{"start":{"line":434,"column":10},"end":{"line":434,"column":22}},"204":{"start":{"line":435,"column":10},"end":{"line":442,"column":13}},"205":{"start":{"line":445,"column":6},"end":{"line":445,"column":15}},"206":{"start":{"line":447,"column":4},"end":{"line":449,"column":5}},"207":{"start":{"line":448,"column":6},"end":{"line":448,"column":58}},"208":{"start":{"line":450,"column":4},"end":{"line":450,"column":49}},"209":{"start":{"line":451,"column":4},"end":{"line":451,"column":10}},"210":{"start":{"line":453,"column":2},"end":{"line":453,"column":32}},"211":{"start":{"line":453,"column":26},"end":{"line":453,"column":30}},"212":{"start":{"line":458,"column":4},"end":{"line":458,"column":16}},"213":{"start":{"line":462,"column":4},"end":{"line":462,"column":42}},"214":{"start":{"line":468,"column":4},"end":{"line":468,"column":12}},"215":{"start":{"line":469,"column":4},"end":{"line":469,"column":23}},"216":{"start":{"line":470,"column":4},"end":{"line":470,"column":29}},"217":{"start":{"line":474,"column":14},"end":{"line":474,"column":16}},"218":{"start":{"line":475,"column":4},"end":{"line":477,"column":5}},"219":{"start":{"line":476,"column":6},"end":{"line":476,"column":35}},"220":{"start":{"line":478,"column":4},"end":{"line":478,"column":15}},"221":{"start":{"line":482,"column":17},"end":{"line":482,"column":57}},"222":{"start":{"line":483,"column":4},"end":{"line":486,"column":5}},"223":{"start":{"line":483,"column":17},"end":{"line":483,"column":18}},"224":{"start":{"line":484,"column":20},"end":{"line":484,"column":36}},"225":{"start":{"line":485,"column":6},"end":{"line":485,"column":59}},"226":{"start":{"line":487,"column":4},"end":{"line":487,"column":16}},"227":{"start":{"line":493,"column":4},"end":{"line":493,"column":12}},"228":{"start":{"line":494,"column":4},"end":{"line":494,"column":27}},"229":{"start":{"line":498,"column":4},"end":{"line":498,"column":24}},"230":{"start":{"line":502,"column":17},"end":{"line":502,"column":59}},"231":{"start":{"line":503,"column":4},"end":{"line":503,"column":29}},"232":{"start":{"line":504,"column":4},"end":{"line":504,"column":16}},"233":{"start":{"line":510,"column":4},"end":{"line":510,"column":12}},"234":{"start":{"line":511,"column":4},"end":{"line":511,"column":29}},"235":{"start":{"line":515,"column":14},"end":{"line":515,"column":16}},"236":{"start":{"line":516,"column":4},"end":{"line":518,"column":5}},"237":{"start":{"line":517,"column":6},"end":{"line":517,"column":35}},"238":{"start":{"line":519,"column":4},"end":{"line":519,"column":15}},"239":{"start":{"line":523,"column":17},"end":{"line":523,"column":46}},"240":{"start":{"line":524,"column":4},"end":{"line":527,"column":5}},"241":{"start":{"line":524,"column":17},"end":{"line":524,"column":18}},"242":{"start":{"line":525,"column":20},"end":{"line":525,"column":36}},"243":{"start":{"line":526,"column":6},"end":{"line":526,"column":59}},"244":{"start":{"line":528,"column":4},"end":{"line":528,"column":16}},"245":{"start":{"line":533,"column":12},"end":{"line":533,"column":13}},"246":{"start":{"line":534,"column":26},"end":{"line":549,"column":3}},"247":{"start":{"line":535,"column":15},"end":{"line":535,"column":18}},"248":{"start":{"line":536,"column":14},"end":{"line":536,"column":15}},"249":{"start":{"line":537,"column":4},"end":{"line":546,"column":5}},"250":{"start":{"line":538,"column":6},"end":{"line":540,"column":7}},"251":{"start":{"line":539,"column":8},"end":{"line":539,"column":14}},"252":{"start":{"line":541,"column":6},"end":{"line":541,"column":12}},"253":{"start":{"line":542,"column":6},"end":{"line":542,"column":12}},"254":{"start":{"line":543,"column":6},"end":{"line":545,"column":7}},"255":{"start":{"line":544,"column":8},"end":{"line":544,"column":14}},"256":{"start":{"line":547,"column":4},"end":{"line":547,"column":15}},"257":{"start":{"line":548,"column":4},"end":{"line":548,"column":15}},"258":{"start":{"line":550,"column":14},"end":{"line":550,"column":38}},"259":{"start":{"line":551,"column":2},"end":{"line":556,"column":3}},"260":{"start":{"line":552,"column":4},"end":{"line":555,"column":6}},"261":{"start":{"line":557,"column":2},"end":{"line":557,"column":62}},"262":{"start":{"line":561,"column":17},"end":{"line":561,"column":19}},"263":{"start":{"line":562,"column":16},"end":{"line":562,"column":32}},"264":{"start":{"line":563,"column":20},"end":{"line":563,"column":25}},"265":{"start":{"line":564,"column":21},"end":{"line":564,"column":23}},"266":{"start":{"line":565,"column":2},"end":{"line":579,"column":3}},"267":{"start":{"line":566,"column":4},"end":{"line":573,"column":5}},"268":{"start":{"line":567,"column":6},"end":{"line":570,"column":7}},"269":{"start":{"line":568,"column":8},"end":{"line":568,"column":53}},"270":{"start":{"line":569,"column":8},"end":{"line":569,"column":26}},"271":{"start":{"line":571,"column":6},"end":{"line":571,"column":33}},"272":{"start":{"line":572,"column":6},"end":{"line":572,"column":15}},"273":{"start":{"line":574,"column":4},"end":{"line":577,"column":5}},"274":{"start":{"line":575,"column":6},"end":{"line":575,"column":36}},"275":{"start":{"line":576,"column":6},"end":{"line":576,"column":15}},"276":{"start":{"line":578,"column":4},"end":{"line":578,"column":34}},"277":{"start":{"line":580,"column":2},"end":{"line":585,"column":3}},"278":{"start":{"line":581,"column":4},"end":{"line":581,"column":71}},"279":{"start":{"line":582,"column":4},"end":{"line":584,"column":7}},"280":{"start":{"line":583,"column":6},"end":{"line":583,"column":36}},"281":{"start":{"line":586,"column":2},"end":{"line":586,"column":16}},"282":{"start":{"line":590,"column":2},"end":{"line":595,"column":3}},"283":{"start":{"line":590,"column":15},"end":{"line":590,"column":16}},"284":{"start":{"line":591,"column":18},"end":{"line":591,"column":27}},"285":{"start":{"line":592,"column":4},"end":{"line":594,"column":6}}},"fnMap":{"0":{"name":"(anonymous_0)","decl":{"start":{"line":25,"column":2},"end":{"line":25,"column":3}},"loc":{"start":{"line":25,"column":16},"end":{"line":27,"column":3}},"line":25},"1":{"name":"(anonymous_1)","decl":{"start":{"line":29,"column":2},"end":{"line":29,"column":3}},"loc":{"start":{"line":29,"column":23},"end":{"line":31,"column":3}},"line":29},"2":{"name":"(anonymous_2)","decl":{"start":{"line":35,"column":2},"end":{"line":35,"column":3}},"loc":{"start":{"line":35,"column":16},"end":{"line":37,"column":3}},"line":35},"3":{"name":"(anonymous_3)","decl":{"start":{"line":39,"column":2},"end":{"line":39,"column":3}},"loc":{"start":{"line":39,"column":18},"end":{"line":41,"column":3}},"line":39},"4":{"name":"(anonymous_4)","decl":{"start":{"line":43,"column":2},"end":{"line":43,"column":3}},"loc":{"start":{"line":43,"column":12},"end":{"line":45,"column":3}},"line":43},"5":{"name":"(anonymous_5)","decl":{"start":{"line":47,"column":2},"end":{"line":47,"column":3}},"loc":{"start":{"line":47,"column":31},"end":{"line":49,"column":3}},"line":47},"6":{"name":"(anonymous_6)","decl":{"start":{"line":53,"column":2},"end":{"line":53,"column":3}},"loc":{"start":{"line":53,"column":27},"end":{"line":57,"column":3}},"line":53},"7":{"name":"(anonymous_7)","decl":{"start":{"line":61,"column":2},"end":{"line":61,"column":3}},"loc":{"start":{"line":61,"column":22},"end":{"line":64,"column":3}},"line":61},"8":{"name":"(anonymous_8)","decl":{"start":{"line":66,"column":2},"end":{"line":66,"column":3}},"loc":{"start":{"line":66,"column":18},"end":{"line":68,"column":3}},"line":66},"9":{"name":"(anonymous_9)","decl":{"start":{"line":70,"column":2},"end":{"line":70,"column":3}},"loc":{"start":{"line":70,"column":31},"end":{"line":73,"column":3}},"line":70},"10":{"name":"(anonymous_10)","decl":{"start":{"line":75,"column":2},"end":{"line":75,"column":3}},"loc":{"start":{"line":75,"column":12},"end":{"line":77,"column":3}},"line":75},"11":{"name":"(anonymous_11)","decl":{"start":{"line":79,"column":2},"end":{"line":79,"column":3}},"loc":{"start":{"line":79,"column":31},"end":{"line":81,"column":3}},"line":79},"12":{"name":"createSpanElement","decl":{"start":{"line":84,"column":9},"end":{"line":84,"column":26}},"loc":{"start":{"line":84,"column":33},"end":{"line":88,"column":1}},"line":84},"13":{"name":"(anonymous_13)","decl":{"start":{"line":91,"column":2},"end":{"line":91,"column":3}},"loc":{"start":{"line":91,"column":28},"end":{"line":94,"column":3}},"line":91},"14":{"name":"(anonymous_14)","decl":{"start":{"line":96,"column":2},"end":{"line":96,"column":3}},"loc":{"start":{"line":96,"column":18},"end":{"line":98,"column":3}},"line":96},"15":{"name":"(anonymous_15)","decl":{"start":{"line":100,"column":2},"end":{"line":100,"column":3}},"loc":{"start":{"line":100,"column":12},"end":{"line":102,"column":3}},"line":100},"16":{"name":"(anonymous_16)","decl":{"start":{"line":104,"column":2},"end":{"line":104,"column":3}},"loc":{"start":{"line":104,"column":31},"end":{"line":108,"column":3}},"line":104},"17":{"name":"(anonymous_17)","decl":{"start":{"line":112,"column":2},"end":{"line":112,"column":3}},"loc":{"start":{"line":112,"column":39},"end":{"line":116,"column":3}},"line":112},"18":{"name":"(anonymous_18)","decl":{"start":{"line":118,"column":2},"end":{"line":118,"column":3}},"loc":{"start":{"line":118,"column":18},"end":{"line":125,"column":3}},"line":118},"19":{"name":"(anonymous_19)","decl":{"start":{"line":127,"column":2},"end":{"line":127,"column":3}},"loc":{"start":{"line":127,"column":12},"end":{"line":129,"column":3}},"line":127},"20":{"name":"(anonymous_20)","decl":{"start":{"line":131,"column":2},"end":{"line":131,"column":3}},"loc":{"start":{"line":131,"column":31},"end":{"line":139,"column":3}},"line":131},"21":{"name":"(anonymous_21)","decl":{"start":{"line":143,"column":2},"end":{"line":143,"column":3}},"loc":{"start":{"line":143,"column":32},"end":{"line":145,"column":3}},"line":143},"22":{"name":"(anonymous_22)","decl":{"start":{"line":146,"column":2},"end":{"line":146,"column":3}},"loc":{"start":{"line":146,"column":12},"end":{"line":148,"column":3}},"line":146},"23":{"name":"(anonymous_23)","decl":{"start":{"line":150,"column":2},"end":{"line":150,"column":3}},"loc":{"start":{"line":150,"column":31},"end":{"line":162,"column":3}},"line":150},"24":{"name":"(anonymous_24)","decl":{"start":{"line":166,"column":2},"end":{"line":166,"column":3}},"loc":{"start":{"line":166,"column":32},"end":{"line":168,"column":3}},"line":166},"25":{"name":"(anonymous_25)","decl":{"start":{"line":169,"column":2},"end":{"line":169,"column":3}},"loc":{"start":{"line":169,"column":12},"end":{"line":171,"column":3}},"line":169},"26":{"name":"(anonymous_26)","decl":{"start":{"line":173,"column":2},"end":{"line":173,"column":3}},"loc":{"start":{"line":173,"column":31},"end":{"line":181,"column":3}},"line":173},"27":{"name":"(anonymous_27)","decl":{"start":{"line":185,"column":2},"end":{"line":185,"column":3}},"loc":{"start":{"line":185,"column":32},"end":{"line":187,"column":3}},"line":185},"28":{"name":"(anonymous_28)","decl":{"start":{"line":188,"column":2},"end":{"line":188,"column":3}},"loc":{"start":{"line":188,"column":12},"end":{"line":190,"column":3}},"line":188},"29":{"name":"(anonymous_29)","decl":{"start":{"line":192,"column":2},"end":{"line":192,"column":3}},"loc":{"start":{"line":192,"column":31},"end":{"line":200,"column":3}},"line":192},"30":{"name":"(anonymous_30)","decl":{"start":{"line":204,"column":2},"end":{"line":204,"column":3}},"loc":{"start":{"line":204,"column":32},"end":{"line":206,"column":3}},"line":204},"31":{"name":"(anonymous_31)","decl":{"start":{"line":207,"column":2},"end":{"line":207,"column":3}},"loc":{"start":{"line":207,"column":12},"end":{"line":209,"column":3}},"line":207},"32":{"name":"(anonymous_32)","decl":{"start":{"line":211,"column":2},"end":{"line":211,"column":3}},"loc":{"start":{"line":211,"column":30},"end":{"line":223,"column":3}},"line":211},"33":{"name":"(anonymous_33)","decl":{"start":{"line":227,"column":2},"end":{"line":227,"column":3}},"loc":{"start":{"line":227,"column":37},"end":{"line":231,"column":3}},"line":227},"34":{"name":"(anonymous_34)","decl":{"start":{"line":233,"column":2},"end":{"line":233,"column":3}},"loc":{"start":{"line":233,"column":18},"end":{"line":240,"column":3}},"line":233},"35":{"name":"(anonymous_35)","decl":{"start":{"line":242,"column":2},"end":{"line":242,"column":3}},"loc":{"start":{"line":242,"column":12},"end":{"line":244,"column":3}},"line":242},"36":{"name":"(anonymous_36)","decl":{"start":{"line":246,"column":2},"end":{"line":246,"column":3}},"loc":{"start":{"line":246,"column":31},"end":{"line":258,"column":3}},"line":246},"37":{"name":"(anonymous_37)","decl":{"start":{"line":262,"column":2},"end":{"line":262,"column":3}},"loc":{"start":{"line":262,"column":37},"end":{"line":266,"column":3}},"line":262},"38":{"name":"(anonymous_38)","decl":{"start":{"line":268,"column":2},"end":{"line":268,"column":3}},"loc":{"start":{"line":268,"column":18},"end":{"line":275,"column":3}},"line":268},"39":{"name":"(anonymous_39)","decl":{"start":{"line":277,"column":2},"end":{"line":277,"column":3}},"loc":{"start":{"line":277,"column":12},"end":{"line":279,"column":3}},"line":277},"40":{"name":"(anonymous_40)","decl":{"start":{"line":281,"column":2},"end":{"line":281,"column":3}},"loc":{"start":{"line":281,"column":31},"end":{"line":292,"column":3}},"line":281},"41":{"name":"(anonymous_41)","decl":{"start":{"line":296,"column":2},"end":{"line":296,"column":3}},"loc":{"start":{"line":296,"column":32},"end":{"line":298,"column":3}},"line":296},"42":{"name":"(anonymous_42)","decl":{"start":{"line":300,"column":2},"end":{"line":300,"column":3}},"loc":{"start":{"line":300,"column":12},"end":{"line":302,"column":3}},"line":300},"43":{"name":"(anonymous_43)","decl":{"start":{"line":304,"column":2},"end":{"line":304,"column":3}},"loc":{"start":{"line":304,"column":31},"end":{"line":315,"column":3}},"line":304},"44":{"name":"(anonymous_44)","decl":{"start":{"line":310,"column":35},"end":{"line":310,"column":36}},"loc":{"start":{"line":310,"column":42},"end":{"line":313,"column":5}},"line":310},"45":{"name":"parseInlineExpression","decl":{"start":{"line":318,"column":16},"end":{"line":318,"column":37}},"loc":{"start":{"line":318,"column":52},"end":{"line":454,"column":1}},"line":318},"46":{"name":"(anonymous_46)","decl":{"start":{"line":332,"column":26},"end":{"line":332,"column":27}},"loc":{"start":{"line":332,"column":43},"end":{"line":347,"column":3}},"line":332},"47":{"name":"(anonymous_47)","decl":{"start":{"line":348,"column":26},"end":{"line":348,"column":27}},"loc":{"start":{"line":348,"column":42},"end":{"line":350,"column":3}},"line":348},"48":{"name":"(anonymous_48)","decl":{"start":{"line":351,"column":24},"end":{"line":351,"column":25}},"loc":{"start":{"line":351,"column":35},"end":{"line":370,"column":3}},"line":351},"49":{"name":"(anonymous_49)","decl":{"start":{"line":453,"column":19},"end":{"line":453,"column":20}},"loc":{"start":{"line":453,"column":26},"end":{"line":453,"column":30}},"line":453},"50":{"name":"(anonymous_50)","decl":{"start":{"line":457,"column":2},"end":{"line":457,"column":3}},"loc":{"start":{"line":457,"column":18},"end":{"line":459,"column":3}},"line":457},"51":{"name":"(anonymous_51)","decl":{"start":{"line":461,"column":2},"end":{"line":461,"column":3}},"loc":{"start":{"line":461,"column":31},"end":{"line":463,"column":3}},"line":461},"52":{"name":"(anonymous_52)","decl":{"start":{"line":467,"column":2},"end":{"line":467,"column":3}},"loc":{"start":{"line":467,"column":31},"end":{"line":471,"column":3}},"line":467},"53":{"name":"(anonymous_53)","decl":{"start":{"line":473,"column":2},"end":{"line":473,"column":3}},"loc":{"start":{"line":473,"column":18},"end":{"line":479,"column":3}},"line":473},"54":{"name":"(anonymous_54)","decl":{"start":{"line":481,"column":2},"end":{"line":481,"column":3}},"loc":{"start":{"line":481,"column":31},"end":{"line":488,"column":3}},"line":481},"55":{"name":"(anonymous_55)","decl":{"start":{"line":492,"column":2},"end":{"line":492,"column":3}},"loc":{"start":{"line":492,"column":23},"end":{"line":495,"column":3}},"line":492},"56":{"name":"(anonymous_56)","decl":{"start":{"line":497,"column":2},"end":{"line":497,"column":3}},"loc":{"start":{"line":497,"column":18},"end":{"line":499,"column":3}},"line":497},"57":{"name":"(anonymous_57)","decl":{"start":{"line":501,"column":2},"end":{"line":501,"column":3}},"loc":{"start":{"line":501,"column":31},"end":{"line":505,"column":3}},"line":501},"58":{"name":"(anonymous_58)","decl":{"start":{"line":509,"column":2},"end":{"line":509,"column":3}},"loc":{"start":{"line":509,"column":24},"end":{"line":512,"column":3}},"line":509},"59":{"name":"(anonymous_59)","decl":{"start":{"line":514,"column":2},"end":{"line":514,"column":3}},"loc":{"start":{"line":514,"column":18},"end":{"line":520,"column":3}},"line":514},"60":{"name":"(anonymous_60)","decl":{"start":{"line":522,"column":2},"end":{"line":522,"column":3}},"loc":{"start":{"line":522,"column":31},"end":{"line":529,"column":3}},"line":522},"61":{"name":"parseBlock","decl":{"start":{"line":532,"column":16},"end":{"line":532,"column":26}},"loc":{"start":{"line":532,"column":33},"end":{"line":558,"column":1}},"line":532},"62":{"name":"(anonymous_62)","decl":{"start":{"line":534,"column":26},"end":{"line":534,"column":27}},"loc":{"start":{"line":534,"column":43},"end":{"line":549,"column":3}},"line":534},"63":{"name":"parseMarkdown","decl":{"start":{"line":560,"column":16},"end":{"line":560,"column":29}},"loc":{"start":{"line":560,"column":36},"end":{"line":587,"column":1}},"line":560},"64":{"name":"(anonymous_64)","decl":{"start":{"line":582,"column":37},"end":{"line":582,"column":38}},"loc":{"start":{"line":582,"column":54},"end":{"line":584,"column":5}},"line":582},"65":{"name":"lowerToDom","decl":{"start":{"line":589,"column":16},"end":{"line":589,"column":26}},"loc":{"start":{"line":589,"column":61},"end":{"line":596,"column":1}},"line":589}},"branchMap":{"0":{"loc":{"start":{"line":72,"column":11},"end":{"line":72,"column":47}},"type":"binary-expr","locations":[{"start":{"line":72,"column":11},"end":{"line":72,"column":24}},{"start":{"line":72,"column":28},"end":{"line":72,"column":47}}],"line":72},"1":{"loc":{"start":{"line":133,"column":4},"end":{"line":133,"column":67}},"type":"if","locations":[{"start":{"line":133,"column":4},"end":{"line":133,"column":67}},{"start":{},"end":{}}],"line":133},"2":{"loc":{"start":{"line":137,"column":4},"end":{"line":137,"column":67}},"type":"if","locations":[{"start":{"line":137,"column":4},"end":{"line":137,"column":67}},{"start":{},"end":{}}],"line":137},"3":{"loc":{"start":{"line":175,"column":4},"end":{"line":175,"column":67}},"type":"if","locations":[{"start":{"line":175,"column":4},"end":{"line":175,"column":67}},{"start":{},"end":{}}],"line":175},"4":{"loc":{"start":{"line":179,"column":4},"end":{"line":179,"column":67}},"type":"if","locations":[{"start":{"line":179,"column":4},"end":{"line":179,"column":67}},{"start":{},"end":{}}],"line":179},"5":{"loc":{"start":{"line":194,"column":4},"end":{"line":194,"column":67}},"type":"if","locations":[{"start":{"line":194,"column":4},"end":{"line":194,"column":67}},{"start":{},"end":{}}],"line":194},"6":{"loc":{"start":{"line":198,"column":4},"end":{"line":198,"column":67}},"type":"if","locations":[{"start":{"line":198,"column":4},"end":{"line":198,"column":67}},{"start":{},"end":{}}],"line":198},"7":{"loc":{"start":{"line":249,"column":4},"end":{"line":249,"column":57}},"type":"if","locations":[{"start":{"line":249,"column":4},"end":{"line":249,"column":57}},{"start":{},"end":{}}],"line":249},"8":{"loc":{"start":{"line":256,"column":4},"end":{"line":256,"column":70}},"type":"if","locations":[{"start":{"line":256,"column":4},"end":{"line":256,"column":70}},{"start":{},"end":{}}],"line":256},"9":{"loc":{"start":{"line":283,"column":4},"end":{"line":283,"column":58}},"type":"if","locations":[{"start":{"line":283,"column":4},"end":{"line":283,"column":58}},{"start":{},"end":{}}],"line":283},"10":{"loc":{"start":{"line":286,"column":4},"end":{"line":288,"column":5}},"type":"if","locations":[{"start":{"line":286,"column":4},"end":{"line":288,"column":5}},{"start":{},"end":{}}],"line":286},"11":{"loc":{"start":{"line":290,"column":4},"end":{"line":290,"column":70}},"type":"if","locations":[{"start":{"line":290,"column":4},"end":{"line":290,"column":70}},{"start":{},"end":{}}],"line":290},"12":{"loc":{"start":{"line":336,"column":6},"end":{"line":338,"column":7}},"type":"if","locations":[{"start":{"line":336,"column":6},"end":{"line":338,"column":7}},{"start":{},"end":{}}],"line":336},"13":{"loc":{"start":{"line":341,"column":6},"end":{"line":343,"column":7}},"type":"if","locations":[{"start":{"line":341,"column":6},"end":{"line":343,"column":7}},{"start":{},"end":{}}],"line":341},"14":{"loc":{"start":{"line":349,"column":11},"end":{"line":349,"column":69}},"type":"binary-expr","locations":[{"start":{"line":349,"column":11},"end":{"line":349,"column":36}},{"start":{"line":349,"column":40},"end":{"line":349,"column":69}}],"line":349},"15":{"loc":{"start":{"line":355,"column":8},"end":{"line":356,"column":58}},"type":"binary-expr","locations":[{"start":{"line":355,"column":8},"end":{"line":355,"column":34}},{"start":{"line":356,"column":8},"end":{"line":356,"column":58}}],"line":355},"16":{"loc":{"start":{"line":360,"column":6},"end":{"line":362,"column":7}},"type":"if","locations":[{"start":{"line":360,"column":6},"end":{"line":362,"column":7}},{"start":{},"end":{}}],"line":360},"17":{"loc":{"start":{"line":376,"column":6},"end":{"line":384,"column":7}},"type":"if","locations":[{"start":{"line":376,"column":6},"end":{"line":384,"column":7}},{"start":{},"end":{}}],"line":376},"18":{"loc":{"start":{"line":377,"column":8},"end":{"line":383,"column":9}},"type":"if","locations":[{"start":{"line":377,"column":8},"end":{"line":383,"column":9}},{"start":{},"end":{}}],"line":377},"19":{"loc":{"start":{"line":387,"column":6},"end":{"line":394,"column":7}},"type":"if","locations":[{"start":{"line":387,"column":6},"end":{"line":394,"column":7}},{"start":{},"end":{}}],"line":387},"20":{"loc":{"start":{"line":396,"column":4},"end":{"line":446,"column":5}},"type":"if","locations":[{"start":{"line":396,"column":4},"end":{"line":446,"column":5}},{"start":{},"end":{}}],"line":396},"21":{"loc":{"start":{"line":399,"column":6},"end":{"line":444,"column":7}},"type":"if","locations":[{"start":{"line":399,"column":6},"end":{"line":444,"column":7}},{"start":{},"end":{}}],"line":399},"22":{"loc":{"start":{"line":400,"column":8},"end":{"line":401,"column":25}},"type":"binary-expr","locations":[{"start":{"line":400,"column":8},"end":{"line":400,"column":56}},{"start":{"line":401,"column":8},"end":{"line":401,"column":25}}],"line":400},"23":{"loc":{"start":{"line":405,"column":8},"end":{"line":443,"column":9}},"type":"if","locations":[{"start":{"line":405,"column":8},"end":{"line":443,"column":9}},{"start":{},"end":{}}],"line":405},"24":{"loc":{"start":{"line":406,"column":10},"end":{"line":408,"column":47}},"type":"binary-expr","locations":[{"start":{"line":406,"column":10},"end":{"line":406,"column":44}},{"start":{"line":407,"column":10},"end":{"line":407,"column":36}},{"start":{"line":408,"column":10},"end":{"line":408,"column":47}}],"line":406},"25":{"loc":{"start":{"line":410,"column":10},"end":{"line":432,"column":11}},"type":"if","locations":[{"start":{"line":410,"column":10},"end":{"line":432,"column":11}},{"start":{},"end":{}}],"line":410},"26":{"loc":{"start":{"line":412,"column":12},"end":{"line":431,"column":13}},"type":"if","locations":[{"start":{"line":412,"column":12},"end":{"line":431,"column":13}},{"start":{},"end":{}}],"line":412},"27":{"loc":{"start":{"line":413,"column":14},"end":{"line":414,"column":63}},"type":"binary-expr","locations":[{"start":{"line":413,"column":14},"end":{"line":413,"column":44}},{"start":{"line":414,"column":14},"end":{"line":414,"column":63}}],"line":413},"28":{"loc":{"start":{"line":447,"column":4},"end":{"line":449,"column":5}},"type":"if","locations":[{"start":{"line":447,"column":4},"end":{"line":449,"column":5}},{"start":{},"end":{}}],"line":447},"29":{"loc":{"start":{"line":538,"column":6},"end":{"line":540,"column":7}},"type":"if","locations":[{"start":{"line":538,"column":6},"end":{"line":540,"column":7}},{"start":{},"end":{}}],"line":538},"30":{"loc":{"start":{"line":543,"column":6},"end":{"line":545,"column":7}},"type":"if","locations":[{"start":{"line":543,"column":6},"end":{"line":545,"column":7}},{"start":{},"end":{}}],"line":543},"31":{"loc":{"start":{"line":551,"column":2},"end":{"line":556,"column":3}},"type":"if","locations":[{"start":{"line":551,"column":2},"end":{"line":556,"column":3}},{"start":{},"end":{}}],"line":551},"32":{"loc":{"start":{"line":566,"column":4},"end":{"line":573,"column":5}},"type":"if","locations":[{"start":{"line":566,"column":4},"end":{"line":573,"column":5}},{"start":{},"end":{}}],"line":566},"33":{"loc":{"start":{"line":567,"column":6},"end":{"line":570,"column":7}},"type":"if","locations":[{"start":{"line":567,"column":6},"end":{"line":570,"column":7}},{"start":{},"end":{}}],"line":567},"34":{"loc":{"start":{"line":574,"column":4},"end":{"line":577,"column":5}},"type":"if","locations":[{"start":{"line":574,"column":4},"end":{"line":577,"column":5}},{"start":{},"end":{}}],"line":574},"35":{"loc":{"start":{"line":580,"column":2},"end":{"line":585,"column":3}},"type":"if","locations":[{"start":{"line":580,"column":2},"end":{"line":585,"column":3}},{"start":{},"end":{}}],"line":580}},"s":{"0":1,"1":0,"2":15,"3":0,"4":0,"5":0,"6":0,"7":0,"8":0,"9":90,"10":90,"11":0,"12":0,"13":0,"14":0,"15":0,"16":0,"17":0,"18":0,"19":68,"20":68,"21":54,"22":390,"23":14,"24":14,"25":14,"26":19,"27":19,"28":19,"29":7,"30":7,"31":11,"32":7,"33":7,"34":0,"35":0,"36":0,"37":0,"38":0,"39":0,"40":0,"41":0,"42":0,"43":3,"44":6,"45":0,"46":0,"47":0,"48":0,"49":0,"50":0,"51":0,"52":0,"53":0,"54":0,"55":6,"56":11,"57":1,"58":1,"59":0,"60":1,"61":1,"62":1,"63":0,"64":1,"65":5,"66":11,"67":1,"68":1,"69":0,"70":1,"71":1,"72":1,"73":0,"74":1,"75":3,"76":3,"77":0,"78":0,"79":0,"80":0,"81":0,"82":0,"83":0,"84":0,"85":0,"86":0,"87":2,"88":2,"89":2,"90":2,"91":2,"92":2,"93":2,"94":2,"95":2,"96":1,"97":1,"98":1,"99":0,"100":1,"101":1,"102":1,"103":1,"104":1,"105":1,"106":0,"107":1,"108":1,"109":1,"110":1,"111":0,"112":0,"113":0,"114":0,"115":0,"116":0,"117":1,"118":1,"119":0,"120":1,"121":1,"122":1,"123":1,"124":1,"125":1,"126":0,"127":1,"128":2,"129":3,"130":1,"131":1,"132":1,"133":1,"134":1,"135":0,"136":0,"137":1,"138":18,"139":18,"140":18,"141":18,"142":90,"143":18,"144":18,"145":3625,"146":3625,"147":3625,"148":3675,"149":3570,"150":105,"151":105,"152":105,"153":53,"154":3625,"155":3625,"156":18,"157":20,"158":18,"159":19,"160":19,"161":25,"162":25,"163":1,"164":25,"165":25,"166":19,"167":19,"168":19,"169":19,"170":18,"171":384,"172":384,"173":1822,"174":1822,"175":32,"176":19,"177":19,"178":19,"179":19,"180":19,"181":1803,"182":1803,"183":21,"184":21,"185":21,"186":21,"187":21,"188":21,"189":384,"190":40,"191":3,"192":3,"193":3,"194":3,"195":3,"196":3,"197":1,"198":1,"199":1,"200":1,"201":1,"202":2,"203":2,"204":2,"205":39,"206":344,"207":8,"208":344,"209":344,"210":18,"211":40,"212":0,"213":0,"214":2,"215":2,"216":2,"217":0,"218":0,"219":0,"220":0,"221":2,"222":2,"223":2,"224":2,"225":2,"226":2,"227":1,"228":1,"229":0,"230":1,"231":1,"232":1,"233":12,"234":12,"235":7,"236":7,"237":15,"238":7,"239":5,"240":5,"241":5,"242":13,"243":13,"244":5,"245":7,"246":7,"247":7,"248":7,"249":7,"250":8,"251":5,"252":3,"253":3,"254":3,"255":0,"256":7,"257":7,"258":7,"259":7,"260":2,"261":5,"262":1,"263":1,"264":1,"265":1,"266":1,"267":10,"268":2,"269":1,"270":1,"271":2,"272":2,"273":8,"274":1,"275":1,"276":7,"277":1,"278":0,"279":0,"280":0,"281":1,"282":1,"283":1,"284":8,"285":8},"f":{"0":1,"1":0,"2":15,"3":0,"4":0,"5":0,"6":0,"7":90,"8":0,"9":0,"10":0,"11":0,"12":0,"13":68,"14":54,"15":390,"16":14,"17":19,"18":7,"19":0,"20":0,"21":3,"22":6,"23":0,"24":6,"25":11,"26":1,"27":5,"28":11,"29":1,"30":3,"31":3,"32":0,"33":2,"34":2,"35":2,"36":1,"37":1,"38":0,"39":0,"40":1,"41":2,"42":3,"43":1,"44":0,"45":18,"46":3625,"47":20,"48":19,"49":40,"50":0,"51":0,"52":2,"53":0,"54":2,"55":1,"56":0,"57":1,"58":12,"59":7,"60":5,"61":7,"62":7,"63":1,"64":0,"65":1},"b":{"0":[0,0],"1":[0,0],"2":[0,0],"3":[0,1],"4":[0,1],"5":[0,1],"6":[0,1],"7":[0,1],"8":[0,1],"9":[0,1],"10":[1,0],"11":[0,1],"12":[3570,105],"13":[53,52],"14":[20,20],"15":[44,20],"16":[1,24],"17":[32,1790],"18":[19,13],"19":[21,1782],"20":[40,344],"21":[3,37],"22":[40,3],"23":[3,0],"24":[3,3,3],"25":[3,0],"26":[1,2],"27":[3,3],"28":[8,336],"29":[5,3],"30":[0,3],"31":[2,5],"32":[2,8],"33":[1,1],"34":[1,7],"35":[0,1]},"_coverageSchema":"1a1c01bbd47fc00a2c39e90264f33305004495a9","hash":"0654b0bac80a85eb616e0f193bddb6c21956d445"}
}
