TN:
SF:functions.js
FN:9,dummy
FNF:1
FNH:1
FNDA:3,dummy
DA:10,3
LF:1
LH:1
BRF:0
BRH:0
end_of_record
TN:
SF:source/modules/journal/calendar_component.js
FN:23,(anonymous_0)
FN:38,(anonymous_1)
FN:42,(anonymous_2)
FN:45,(anonymous_3)
FN:55,(anonymous_4)
FN:61,(anonymous_5)
FN:64,(anonymous_6)
FN:75,(anonymous_7)
FN:95,(anonymous_8)
FN:123,(anonymous_9)
FN:134,(anonymous_10)
FNF:11
FNH:10
FNDA:7,(anonymous_0)
FNDA:7,(anonymous_1)
FNDA:1,(anonymous_2)
FNDA:1,(anonymous_3)
FNDA:12,(anonymous_4)
FNDA:72,(anonymous_5)
FNDA:504,(anonymous_6)
FNDA:0,(anonymous_7)
FNDA:12,(anonymous_8)
FNDA:1,(anonymous_9)
FNDA:1,(anonymous_10)
DA:30,7
DA:31,7
DA:32,7
DA:33,7
DA:34,7
DA:39,7
DA:40,7
DA:41,7
DA:42,7
DA:43,1
DA:45,7
DA:46,1
DA:48,7
DA:49,7
DA:56,12
DA:58,12
DA:59,12
DA:61,12
DA:62,72
DA:63,72
DA:64,72
DA:65,504
DA:66,504
DA:67,10
DA:69,504
DA:70,1
DA:72,504
DA:73,142
DA:75,362
DA:76,0
DA:77,0
DA:78,0
DA:81,504
DA:82,504
DA:84,72
DA:87,12
DA:88,72
DA:96,12
DA:97,12
DA:98,12
DA:99,12
DA:100,12
DA:101,12
DA:102,12
DA:103,440
DA:104,362
DA:106,78
DA:108,440
DA:109,12
DA:110,12
DA:113,12
DA:114,12
DA:115,12
DA:116,64
DA:124,1
DA:125,1
DA:126,0
DA:127,0
DA:129,1
DA:130,1
DA:135,1
DA:136,1
DA:137,0
DA:138,0
DA:140,1
DA:141,1
LF:66
LH:59
BRDA:66,0,0,10
BRDA:66,0,1,494
BRDA:69,1,0,1
BRDA:69,1,1,503
BRDA:69,2,0,504
BRDA:69,2,1,42
BRDA:72,3,0,142
BRDA:72,3,1,362
BRDA:103,4,0,362
BRDA:103,4,1,78
BRDA:108,5,0,12
BRDA:108,5,1,428
BRDA:125,6,0,0
BRDA:125,6,1,1
BRDA:136,7,0,0
BRDA:136,7,1,1
BRF:16
BRH:14
end_of_record
TN:
SF:source/modules/journal/date_util.js
FN:2,isValidYearMonth
FN:13,weekdayOfFirstDay
FN:20,monthIndexToString
FN:41,isLeapYear
FN:47,getDaysOfMonth
FN:59,isSameDay
FNF:6
FNH:6
FNDA:475,isValidYearMonth
FNDA:14,weekdayOfFirstDay
FNDA:15,monthIndexToString
FNDA:460,isLeapYear
FNDA:456,getDaysOfMonth
FNDA:548,isSameDay
DA:3,475
DA:14,14
DA:15,1
DA:16,13
DA:21,15
DA:22,2
DA:23,13
DA:37,13
DA:42,460
DA:43,459
DA:48,456
DA:49,1
DA:50,455
DA:52,455
DA:53,1
DA:55,454
DA:60,548
LF:17
LH:17
BRDA:4,0,0,475
BRDA:4,0,1,474
BRDA:4,0,2,473
BRDA:4,0,3,472
BRDA:14,1,0,1
BRDA:14,1,1,13
BRDA:21,2,0,2
BRDA:21,2,1,13
BRDA:21,3,0,15
BRDA:21,3,1,15
BRDA:21,3,2,14
BRDA:42,4,0,1
BRDA:42,4,1,459
BRDA:43,5,0,459
BRDA:43,5,1,456
BRDA:43,5,2,5
BRDA:48,6,0,1
BRDA:48,6,1,455
BRDA:52,7,0,1
BRDA:52,7,1,454
BRDA:52,8,0,455
BRDA:52,8,1,453
BRDA:61,9,0,548
BRDA:61,9,1,15
BRDA:61,9,2,15
BRF:25
BRH:25
end_of_record
TN:
SF:source/modules/models/fileStore.js
FN:9,(anonymous_0)
FN:17,(anonymous_1)
FN:25,(anonymous_2)
FN:37,(anonymous_3)
FN:46,(anonymous_4)
FN:54,(anonymous_5)
FN:62,(anonymous_6)
FN:74,(anonymous_7)
FN:83,(anonymous_8)
FN:91,(anonymous_9)
FN:101,(anonymous_10)
FN:109,(anonymous_11)
FN:117,(anonymous_12)
FN:125,(anonymous_13)
FN:138,(anonymous_14)
FN:147,(anonymous_15)
FN:155,(anonymous_16)
FN:163,(anonymous_17)
FN:174,(anonymous_18)
FN:184,(anonymous_19)
FN:185,(anonymous_20)
FN:204,(anonymous_21)
FN:205,(anonymous_22)
FN:211,(anonymous_23)
FN:224,(anonymous_24)
FN:232,(anonymous_25)
FN:246,(anonymous_26)
FN:249,(anonymous_27)
FN:272,(anonymous_28)
FN:290,(anonymous_29)
FN:307,(anonymous_30)
FN:320,(anonymous_31)
FN:342,(anonymous_32)
FN:344,(anonymous_33)
FN:361,(anonymous_34)
FN:375,(anonymous_35)
FN:403,(anonymous_36)
FN:405,(anonymous_37)
FN:409,(anonymous_38)
FN:412,(anonymous_39)
FN:429,(anonymous_40)
FN:433,(anonymous_41)
FN:446,(anonymous_42)
FNF:43
FNH:36
FNDA:9,(anonymous_0)
FNDA:1,(anonymous_1)
FNDA:1,(anonymous_2)
FNDA:32,(anonymous_3)
FNDA:35,(anonymous_4)
FNDA:3,(anonymous_5)
FNDA:1,(anonymous_6)
FNDA:19,(anonymous_7)
FNDA:32,(anonymous_8)
FNDA:22,(anonymous_9)
FNDA:29,(anonymous_10)
FNDA:1,(anonymous_11)
FNDA:2,(anonymous_12)
FNDA:10,(anonymous_13)
FNDA:12,(anonymous_14)
FNDA:15,(anonymous_15)
FNDA:4,(anonymous_16)
FNDA:2,(anonymous_17)
FNDA:9,(anonymous_18)
FNDA:0,(anonymous_19)
FNDA:0,(anonymous_20)
FNDA:0,(anonymous_21)
FNDA:0,(anonymous_22)
FNDA:0,(anonymous_23)
FNDA:0,(anonymous_24)
FNDA:0,(anonymous_25)
FNDA:2,(anonymous_26)
FNDA:8,(anonymous_27)
FNDA:10,(anonymous_28)
FNDA:9,(anonymous_29)
FNDA:1,(anonymous_30)
FNDA:30,(anonymous_31)
FNDA:1,(anonymous_32)
FNDA:4,(anonymous_33)
FNDA:3,(anonymous_34)
FNDA:1,(anonymous_35)
FNDA:1,(anonymous_36)
FNDA:4,(anonymous_37)
FNDA:11,(anonymous_38)
FNDA:11,(anonymous_39)
FNDA:8,(anonymous_40)
FNDA:5,(anonymous_41)
FNDA:7,(anonymous_42)
DA:10,9
DA:18,1
DA:26,1
DA:38,32
DA:39,32
DA:47,35
DA:55,3
DA:63,1
DA:75,19
DA:76,19
DA:84,32
DA:92,22
DA:93,22
DA:102,29
DA:110,1
DA:118,2
DA:126,10
DA:139,12
DA:140,12
DA:148,15
DA:156,4
DA:164,2
DA:175,9
DA:176,9
DA:185,0
DA:186,0
DA:194,0
DA:196,0
DA:205,0
DA:207,0
DA:210,0
DA:211,0
DA:212,0
DA:215,0
DA:218,0
DA:225,0
DA:226,0
DA:233,0
DA:234,0
DA:235,0
DA:236,0
DA:238,0
DA:247,2
DA:249,2
DA:250,8
DA:254,3
DA:256,8
DA:257,4
DA:258,6
DA:263,2
DA:264,2
DA:273,10
DA:274,10
DA:275,10
DA:277,10
DA:278,10
DA:279,10
DA:280,10
DA:282,0
DA:291,9
DA:292,9
DA:293,9
DA:295,9
DA:296,9
DA:297,9
DA:298,9
DA:300,0
DA:308,1
DA:309,1
DA:310,1
DA:311,1
DA:321,30
DA:322,30
DA:324,30
DA:325,37
DA:326,29
DA:327,29
DA:328,29
DA:329,2
DA:332,0
DA:335,28
DA:343,1
DA:344,1
DA:345,4
DA:346,4
DA:347,2
DA:348,3
DA:352,1
DA:353,1
DA:362,3
DA:363,3
DA:364,3
DA:366,0
DA:376,1
DA:377,0
DA:380,1
DA:384,0
DA:387,1
DA:388,0
DA:392,1
DA:395,1
DA:397,1
DA:405,1
DA:407,4
DA:408,4
DA:409,4
DA:410,11
DA:412,4
DA:413,11
DA:417,4
DA:418,8
DA:419,8
DA:420,8
DA:421,8
DA:425,0
DA:429,1
DA:430,8
DA:432,4
DA:433,4
DA:435,5
DA:436,0
DA:438,5
DA:439,1
DA:441,4
DA:445,4
DA:446,4
DA:447,7
DA:449,7
DA:454,1
LF:129
LH:102
BRDA:37,0,0,1
BRDA:55,1,0,1
BRDA:55,1,1,2
BRDA:74,2,0,10
BRDA:102,3,0,29
BRDA:102,3,1,2
BRDA:138,4,0,0
BRDA:138,5,0,2
BRDA:189,6,0,0
BRDA:189,6,1,0
BRDA:190,7,0,0
BRDA:190,7,1,0
BRDA:205,8,0,0
BRDA:207,9,0,0
BRDA:207,9,1,0
BRDA:210,10,0,0
BRDA:210,10,1,0
BRDA:210,11,0,0
BRDA:210,11,1,0
BRDA:234,12,0,0
BRDA:234,12,1,0
BRDA:250,13,0,3
BRDA:250,13,1,5
BRDA:251,14,0,8
BRDA:251,14,1,8
BRDA:251,14,2,4
BRDA:256,15,0,4
BRDA:256,15,1,4
BRDA:277,16,0,10
BRDA:277,16,1,0
BRDA:277,17,0,10
BRDA:277,17,1,10
BRDA:295,18,0,9
BRDA:295,18,1,0
BRDA:295,19,0,9
BRDA:295,19,1,9
BRDA:309,20,0,1
BRDA:309,20,1,0
BRDA:309,21,0,1
BRDA:309,21,1,1
BRDA:325,22,0,8
BRDA:325,22,1,29
BRDA:326,23,0,29
BRDA:326,23,1,0
BRDA:328,24,0,2
BRDA:328,24,1,27
BRDA:346,25,0,2
BRDA:346,25,1,2
BRDA:363,26,0,3
BRDA:363,26,1,0
BRDA:363,27,0,3
BRDA:363,27,1,3
BRDA:376,28,0,0
BRDA:376,28,1,1
BRDA:376,29,0,1
BRDA:376,29,1,1
BRDA:380,30,0,0
BRDA:380,30,1,1
BRDA:381,31,0,1
BRDA:381,31,1,1
BRDA:387,32,0,0
BRDA:387,32,1,1
BRDA:410,33,0,11
BRDA:410,33,1,7
BRDA:410,34,0,11
BRDA:410,34,1,4
BRDA:413,35,0,11
BRDA:413,35,1,7
BRDA:413,36,0,11
BRDA:413,36,1,4
BRDA:417,37,0,8
BRDA:417,37,1,8
BRDA:420,38,0,8
BRDA:420,38,1,4
BRDA:421,39,0,4
BRDA:421,39,1,4
BRDA:430,40,0,4
BRDA:430,40,1,4
BRDA:435,41,0,0
BRDA:435,41,1,5
BRDA:435,42,0,5
BRDA:435,42,1,1
BRDA:438,43,0,1
BRDA:438,43,1,4
BRDA:438,44,0,5
BRDA:438,44,1,4
BRF:86
BRH:63
end_of_record
TN:
SF:source/modules/models/mdast.js
FN:25,(anonymous_0)
FN:29,(anonymous_1)
FN:35,(anonymous_2)
FN:39,(anonymous_3)
FN:43,(anonymous_4)
FN:47,(anonymous_5)
FN:53,(anonymous_6)
FN:61,(anonymous_7)
FN:66,(anonymous_8)
FN:70,(anonymous_9)
FN:75,(anonymous_10)
FN:79,(anonymous_11)
FN:84,createSpanElement
FN:91,(anonymous_13)
FN:96,(anonymous_14)
FN:100,(anonymous_15)
FN:104,(anonymous_16)
FN:112,(anonymous_17)
FN:118,(anonymous_18)
FN:127,(anonymous_19)
FN:131,(anonymous_20)
FN:143,(anonymous_21)
FN:146,(anonymous_22)
FN:150,(anonymous_23)
FN:166,(anonymous_24)
FN:169,(anonymous_25)
FN:173,(anonymous_26)
FN:185,(anonymous_27)
FN:188,(anonymous_28)
FN:192,(anonymous_29)
FN:204,(anonymous_30)
FN:207,(anonymous_31)
FN:211,(anonymous_32)
FN:227,(anonymous_33)
FN:233,(anonymous_34)
FN:242,(anonymous_35)
FN:246,(anonymous_36)
FN:262,(anonymous_37)
FN:268,(anonymous_38)
FN:277,(anonymous_39)
FN:281,(anonymous_40)
FN:296,(anonymous_41)
FN:300,(anonymous_42)
FN:304,(anonymous_43)
FN:310,(anonymous_44)
FN:318,parseInlineExpression
FN:332,(anonymous_46)
FN:348,(anonymous_47)
FN:351,(anonymous_48)
FN:453,(anonymous_49)
FN:457,(anonymous_50)
FN:461,(anonymous_51)
FN:465,(anonymous_52)
FN:476,(anonymous_53)
FN:482,(anonymous_54)
FN:490,(anonymous_55)
FN:501,(anonymous_56)
FN:506,(anonymous_57)
FN:510,(anonymous_58)
FN:518,(anonymous_59)
FN:523,(anonymous_60)
FN:531,(anonymous_61)
FN:541,parseBlock
FN:543,(anonymous_63)
FN:569,parseMarkdown
FN:591,(anonymous_65)
FN:598,lowerToDom
FNF:67
FNH:27
FNDA:0,(anonymous_0)
FNDA:0,(anonymous_1)
FNDA:7,(anonymous_2)
FNDA:0,(anonymous_3)
FNDA:0,(anonymous_4)
FNDA:0,(anonymous_5)
FNDA:0,(anonymous_6)
FNDA:57,(anonymous_7)
FNDA:0,(anonymous_8)
FNDA:0,(anonymous_9)
FNDA:0,(anonymous_10)
FNDA:0,(anonymous_11)
FNDA:0,createSpanElement
FNDA:44,(anonymous_13)
FNDA:45,(anonymous_14)
FNDA:260,(anonymous_15)
FNDA:0,(anonymous_16)
FNDA:12,(anonymous_17)
FNDA:7,(anonymous_18)
FNDA:0,(anonymous_19)
FNDA:0,(anonymous_20)
FNDA:1,(anonymous_21)
FNDA:2,(anonymous_22)
FNDA:0,(anonymous_23)
FNDA:5,(anonymous_24)
FNDA:9,(anonymous_25)
FNDA:0,(anonymous_26)
FNDA:4,(anonymous_27)
FNDA:9,(anonymous_28)
FNDA:0,(anonymous_29)
FNDA:1,(anonymous_30)
FNDA:1,(anonymous_31)
FNDA:0,(anonymous_32)
FNDA:1,(anonymous_33)
FNDA:2,(anonymous_34)
FNDA:1,(anonymous_35)
FNDA:0,(anonymous_36)
FNDA:0,(anonymous_37)
FNDA:0,(anonymous_38)
FNDA:0,(anonymous_39)
FNDA:0,(anonymous_40)
FNDA:1,(anonymous_41)
FNDA:2,(anonymous_42)
FNDA:0,(anonymous_43)
FNDA:0,(anonymous_44)
FNDA:11,parseInlineExpression
FNDA:2386,(anonymous_46)
FNDA:13,(anonymous_47)
FNDA:12,(anonymous_48)
FNDA:25,(anonymous_49)
FNDA:0,(anonymous_50)
FNDA:0,(anonymous_51)
FNDA:0,(anonymous_52)
FNDA:0,(anonymous_53)
FNDA:0,(anonymous_54)
FNDA:0,(anonymous_55)
FNDA:0,(anonymous_56)
FNDA:0,(anonymous_57)
FNDA:0,(anonymous_58)
FNDA:7,(anonymous_59)
FNDA:7,(anonymous_60)
FNDA:0,(anonymous_61)
FNDA:0,parseBlock
FNDA:0,(anonymous_63)
FNDA:0,parseMarkdown
FNDA:0,(anonymous_65)
FNDA:0,lowerToDom
DA:26,0
DA:30,0
DA:36,7
DA:40,0
DA:44,0
DA:48,0
DA:54,0
DA:55,0
DA:56,0
DA:62,57
DA:63,57
DA:67,0
DA:71,0
DA:72,0
DA:76,0
DA:80,0
DA:85,0
DA:86,0
DA:87,0
DA:92,44
DA:93,44
DA:97,45
DA:101,260
DA:105,0
DA:106,0
DA:107,0
DA:113,12
DA:114,12
DA:115,12
DA:119,7
DA:120,7
DA:121,11
DA:123,7
DA:124,7
DA:128,0
DA:132,0
DA:133,0
DA:134,0
DA:135,0
DA:137,0
DA:138,0
DA:144,1
DA:147,2
DA:151,0
DA:152,0
DA:153,0
DA:154,0
DA:155,0
DA:156,0
DA:158,0
DA:159,0
DA:160,0
DA:161,0
DA:167,5
DA:170,9
DA:174,0
DA:175,0
DA:176,0
DA:177,0
DA:179,0
DA:180,0
DA:186,4
DA:189,9
DA:193,0
DA:194,0
DA:195,0
DA:196,0
DA:198,0
DA:199,0
DA:205,1
DA:208,1
DA:212,0
DA:213,0
DA:214,0
DA:215,0
DA:216,0
DA:217,0
DA:219,0
DA:220,0
DA:221,0
DA:222,0
DA:228,1
DA:229,1
DA:230,1
DA:234,2
DA:235,2
DA:236,2
DA:238,2
DA:239,2
DA:243,1
DA:247,0
DA:248,0
DA:249,0
DA:250,0
DA:251,0
DA:252,0
DA:253,0
DA:255,0
DA:256,0
DA:257,0
DA:263,0
DA:264,0
DA:265,0
DA:269,0
DA:270,0
DA:271,0
DA:273,0
DA:274,0
DA:278,0
DA:282,0
DA:283,0
DA:284,0
DA:285,0
DA:286,0
DA:287,0
DA:289,0
DA:290,0
DA:291,0
DA:297,1
DA:301,2
DA:305,0
DA:306,0
DA:307,0
DA:308,0
DA:310,0
DA:311,0
DA:312,0
DA:314,0
DA:319,11
DA:320,11
DA:327,11
DA:328,11
DA:329,55
DA:331,11
DA:332,11
DA:333,2386
DA:334,2386
DA:335,2386
DA:336,2423
DA:337,2347
DA:339,76
DA:340,76
DA:341,76
DA:342,37
DA:345,2386
DA:346,2386
DA:348,11
DA:349,13
DA:351,11
DA:352,12
DA:353,12
DA:359,18
DA:360,18
DA:361,1
DA:363,18
DA:364,18
DA:366,12
DA:367,12
DA:368,12
DA:369,12
DA:371,11
DA:372,255
DA:373,255
DA:375,1199
DA:376,1199
DA:377,23
DA:378,12
DA:379,12
DA:380,12
DA:381,12
DA:382,12
DA:386,1187
DA:387,1187
DA:388,14
DA:389,14
DA:390,14
DA:391,14
DA:392,14
DA:393,14
DA:396,255
DA:399,26
DA:403,1
DA:404,1
DA:405,1
DA:410,1
DA:411,1
DA:412,1
DA:416,0
DA:420,0
DA:421,0
DA:422,0
DA:430,0
DA:433,1
DA:434,1
DA:435,1
DA:445,26
DA:447,229
DA:448,5
DA:450,229
DA:451,229
DA:453,25
DA:458,0
DA:462,0
DA:466,0
DA:467,0
DA:468,0
DA:470,0
DA:477,0
DA:478,0
DA:479,0
DA:483,0
DA:484,0
DA:485,0
DA:487,0
DA:491,0
DA:492,0
DA:493,0
DA:494,0
DA:496,0
DA:502,0
DA:503,0
DA:507,0
DA:511,0
DA:512,0
DA:513,0
DA:519,7
DA:520,7
DA:524,7
DA:525,7
DA:526,15
DA:528,7
DA:532,0
DA:533,0
DA:534,0
DA:535,0
DA:537,0
DA:542,0
DA:543,0
DA:544,0
DA:545,0
DA:546,0
DA:547,0
DA:548,0
DA:550,0
DA:551,0
DA:552,0
DA:553,0
DA:556,0
DA:557,0
DA:559,0
DA:560,0
DA:561,0
DA:566,0
DA:570,0
DA:571,0
DA:572,0
DA:573,0
DA:574,0
DA:575,0
DA:576,0
DA:577,0
DA:578,0
DA:580,0
DA:581,0
DA:583,0
DA:584,0
DA:585,0
DA:587,0
DA:589,0
DA:590,0
DA:591,0
DA:592,0
DA:595,0
DA:599,0
DA:600,0
DA:601,0
LF:276
LH:108
BRDA:72,0,0,0
BRDA:72,0,1,0
BRDA:133,1,0,0
BRDA:133,1,1,0
BRDA:137,2,0,0
BRDA:137,2,1,0
BRDA:175,3,0,0
BRDA:175,3,1,0
BRDA:179,4,0,0
BRDA:179,4,1,0
BRDA:194,5,0,0
BRDA:194,5,1,0
BRDA:198,6,0,0
BRDA:198,6,1,0
BRDA:249,7,0,0
BRDA:249,7,1,0
BRDA:256,8,0,0
BRDA:256,8,1,0
BRDA:283,9,0,0
BRDA:283,9,1,0
BRDA:286,10,0,0
BRDA:286,10,1,0
BRDA:290,11,0,0
BRDA:290,11,1,0
BRDA:336,12,0,2347
BRDA:336,12,1,76
BRDA:341,13,0,37
BRDA:341,13,1,39
BRDA:349,14,0,13
BRDA:349,14,1,13
BRDA:355,15,0,30
BRDA:355,15,1,13
BRDA:360,16,0,1
BRDA:360,16,1,17
BRDA:376,17,0,23
BRDA:376,17,1,1176
BRDA:377,18,0,12
BRDA:377,18,1,11
BRDA:387,19,0,14
BRDA:387,19,1,1173
BRDA:396,20,0,26
BRDA:396,20,1,229
BRDA:399,21,0,1
BRDA:399,21,1,25
BRDA:400,22,0,26
BRDA:400,22,1,1
BRDA:405,23,0,1
BRDA:405,23,1,0
BRDA:406,24,0,1
BRDA:406,24,1,1
BRDA:406,24,2,1
BRDA:410,25,0,1
BRDA:410,25,1,0
BRDA:412,26,0,0
BRDA:412,26,1,1
BRDA:413,27,0,1
BRDA:413,27,1,1
BRDA:447,28,0,5
BRDA:447,28,1,224
BRDA:466,29,0,0
BRDA:466,29,1,0
BRDA:547,30,0,0
BRDA:547,30,1,0
BRDA:552,31,0,0
BRDA:552,31,1,0
BRDA:560,32,0,0
BRDA:560,32,1,0
BRDA:575,33,0,0
BRDA:575,33,1,0
BRDA:576,34,0,0
BRDA:576,34,1,0
BRDA:583,35,0,0
BRDA:583,35,1,0
BRDA:589,36,0,0
BRDA:589,36,1,0
BRF:75
BRH:32
end_of_record
