TN:
SF:source/modules/journal/calendarComponent.js
FN:23,(anonymous_0)
FN:38,(anonymous_1)
FN:42,(anonymous_2)
FN:45,(anonymous_3)
FN:55,(anonymous_4)
FN:61,(anonymous_5)
FN:64,(anonymous_6)
FN:75,(anonymous_7)
FN:95,(anonymous_8)
FN:123,(anonymous_9)
FN:134,(anonymous_10)
FNF:11
FNH:10
FNDA:7,(anonymous_0)
FNDA:7,(anonymous_1)
FNDA:1,(anonymous_2)
FNDA:1,(anonymous_3)
FNDA:12,(anonymous_4)
FNDA:72,(anonymous_5)
FNDA:504,(anonymous_6)
FNDA:0,(anonymous_7)
FNDA:12,(anonymous_8)
FNDA:1,(anonymous_9)
FNDA:1,(anonymous_10)
DA:30,7
DA:31,7
DA:32,7
DA:33,7
DA:34,7
DA:39,7
DA:40,7
DA:41,7
DA:42,7
DA:43,1
DA:45,7
DA:46,1
DA:48,7
DA:49,7
DA:56,12
DA:58,12
DA:59,12
DA:61,12
DA:62,72
DA:63,72
DA:64,72
DA:65,504
DA:66,504
DA:67,10
DA:69,504
DA:70,1
DA:72,504
DA:73,142
DA:75,362
DA:76,0
DA:77,0
DA:78,0
DA:81,504
DA:82,504
DA:84,72
DA:87,12
DA:88,72
DA:96,12
DA:97,12
DA:98,12
DA:99,12
DA:100,12
DA:101,12
DA:102,12
DA:103,440
DA:104,362
DA:106,78
DA:108,440
DA:109,12
DA:110,12
DA:113,12
DA:114,12
DA:115,12
DA:116,64
DA:124,1
DA:125,1
DA:126,0
DA:127,0
DA:129,1
DA:130,1
DA:135,1
DA:136,1
DA:137,0
DA:138,0
DA:140,1
DA:141,1
LF:66
LH:59
BRDA:66,0,0,10
BRDA:66,0,1,494
BRDA:69,1,0,1
BRDA:69,1,1,503
BRDA:69,2,0,504
BRDA:69,2,1,42
BRDA:72,3,0,142
BRDA:72,3,1,362
BRDA:103,4,0,362
BRDA:103,4,1,78
BRDA:108,5,0,12
BRDA:108,5,1,428
BRDA:125,6,0,0
BRDA:125,6,1,1
BRDA:136,7,0,0
BRDA:136,7,1,1
BRF:16
BRH:14
end_of_record
TN:
SF:source/modules/journal/dateUtil.js
FN:2,isValidYearMonth
FN:13,weekdayOfFirstDay
FN:20,monthIndexToString
FN:41,isLeapYear
FN:47,getDaysOfMonth
FN:59,isSameDay
FNF:6
FNH:6
FNDA:475,isValidYearMonth
FNDA:14,weekdayOfFirstDay
FNDA:15,monthIndexToString
FNDA:460,isLeapYear
FNDA:456,getDaysOfMonth
FNDA:548,isSameDay
DA:3,475
DA:14,14
DA:15,1
DA:16,13
DA:21,15
DA:22,2
DA:23,13
DA:37,13
DA:42,460
DA:43,459
DA:48,456
DA:49,1
DA:50,455
DA:52,455
DA:53,1
DA:55,454
DA:60,548
LF:17
LH:17
BRDA:4,0,0,475
BRDA:4,0,1,474
BRDA:4,0,2,473
BRDA:4,0,3,472
BRDA:14,1,0,1
BRDA:14,1,1,13
BRDA:21,2,0,2
BRDA:21,2,1,13
BRDA:21,3,0,15
BRDA:21,3,1,15
BRDA:21,3,2,14
BRDA:42,4,0,1
BRDA:42,4,1,459
BRDA:43,5,0,459
BRDA:43,5,1,456
BRDA:43,5,2,5
BRDA:48,6,0,1
BRDA:48,6,1,455
BRDA:52,7,0,1
BRDA:52,7,1,454
BRDA:52,8,0,455
BRDA:52,8,1,453
BRDA:61,9,0,548
BRDA:61,9,1,15
BRDA:61,9,2,15
BRF:25
BRH:25
end_of_record
TN:
SF:source/modules/models/fileStore.js
FN:9,(anonymous_0)
FN:17,(anonymous_1)
FN:25,(anonymous_2)
FN:37,(anonymous_3)
FN:46,(anonymous_4)
FN:54,(anonymous_5)
FN:62,(anonymous_6)
FN:74,(anonymous_7)
FN:83,(anonymous_8)
FN:91,(anonymous_9)
FN:101,(anonymous_10)
FN:109,(anonymous_11)
FN:117,(anonymous_12)
FN:125,(anonymous_13)
FN:138,(anonymous_14)
FN:147,(anonymous_15)
FN:155,(anonymous_16)
FN:163,(anonymous_17)
FN:174,(anonymous_18)
FN:184,(anonymous_19)
FN:185,(anonymous_20)
FN:204,(anonymous_21)
FN:205,(anonymous_22)
FN:211,(anonymous_23)
FN:224,(anonymous_24)
FN:232,(anonymous_25)
FN:246,(anonymous_26)
FN:249,(anonymous_27)
FN:272,(anonymous_28)
FN:290,(anonymous_29)
FN:307,(anonymous_30)
FN:320,(anonymous_31)
FN:342,(anonymous_32)
FN:344,(anonymous_33)
FN:361,(anonymous_34)
FN:375,(anonymous_35)
FN:403,(anonymous_36)
FN:405,(anonymous_37)
FN:409,(anonymous_38)
FN:412,(anonymous_39)
FN:429,(anonymous_40)
FN:433,(anonymous_41)
FN:446,(anonymous_42)
FNF:43
FNH:36
FNDA:9,(anonymous_0)
FNDA:1,(anonymous_1)
FNDA:1,(anonymous_2)
FNDA:32,(anonymous_3)
FNDA:35,(anonymous_4)
FNDA:3,(anonymous_5)
FNDA:1,(anonymous_6)
FNDA:19,(anonymous_7)
FNDA:32,(anonymous_8)
FNDA:22,(anonymous_9)
FNDA:29,(anonymous_10)
FNDA:1,(anonymous_11)
FNDA:2,(anonymous_12)
FNDA:10,(anonymous_13)
FNDA:12,(anonymous_14)
FNDA:15,(anonymous_15)
FNDA:4,(anonymous_16)
FNDA:2,(anonymous_17)
FNDA:9,(anonymous_18)
FNDA:0,(anonymous_19)
FNDA:0,(anonymous_20)
FNDA:0,(anonymous_21)
FNDA:0,(anonymous_22)
FNDA:0,(anonymous_23)
FNDA:0,(anonymous_24)
FNDA:0,(anonymous_25)
FNDA:2,(anonymous_26)
FNDA:8,(anonymous_27)
FNDA:10,(anonymous_28)
FNDA:9,(anonymous_29)
FNDA:1,(anonymous_30)
FNDA:30,(anonymous_31)
FNDA:1,(anonymous_32)
FNDA:4,(anonymous_33)
FNDA:3,(anonymous_34)
FNDA:1,(anonymous_35)
FNDA:1,(anonymous_36)
FNDA:4,(anonymous_37)
FNDA:11,(anonymous_38)
FNDA:11,(anonymous_39)
FNDA:8,(anonymous_40)
FNDA:5,(anonymous_41)
FNDA:7,(anonymous_42)
DA:10,9
DA:18,1
DA:26,1
DA:38,32
DA:39,32
DA:47,35
DA:55,3
DA:63,1
DA:75,19
DA:76,19
DA:84,32
DA:92,22
DA:93,22
DA:102,29
DA:110,1
DA:118,2
DA:126,10
DA:139,12
DA:140,12
DA:148,15
DA:156,4
DA:164,2
DA:175,9
DA:176,9
DA:185,0
DA:186,0
DA:194,0
DA:196,0
DA:205,0
DA:207,0
DA:210,0
DA:211,0
DA:212,0
DA:215,0
DA:218,0
DA:225,0
DA:226,0
DA:233,0
DA:234,0
DA:235,0
DA:236,0
DA:238,0
DA:247,2
DA:249,2
DA:250,8
DA:254,3
DA:256,8
DA:257,4
DA:258,6
DA:263,2
DA:264,2
DA:273,10
DA:274,10
DA:275,10
DA:277,10
DA:278,10
DA:279,10
DA:280,10
DA:282,0
DA:291,9
DA:292,9
DA:293,9
DA:295,9
DA:296,9
DA:297,9
DA:298,9
DA:300,0
DA:308,1
DA:309,1
DA:310,1
DA:311,1
DA:321,30
DA:322,30
DA:324,30
DA:325,37
DA:326,29
DA:327,29
DA:328,29
DA:329,2
DA:332,0
DA:335,28
DA:343,1
DA:344,1
DA:345,4
DA:346,4
DA:347,2
DA:348,3
DA:352,1
DA:353,1
DA:362,3
DA:363,3
DA:364,3
DA:366,0
DA:376,1
DA:377,0
DA:380,1
DA:384,0
DA:387,1
DA:388,0
DA:392,1
DA:395,1
DA:397,1
DA:405,1
DA:407,4
DA:408,4
DA:409,4
DA:410,11
DA:412,4
DA:413,11
DA:417,4
DA:418,8
DA:419,8
DA:420,8
DA:421,8
DA:425,0
DA:429,1
DA:430,8
DA:432,4
DA:433,4
DA:435,5
DA:436,0
DA:438,5
DA:439,1
DA:441,4
DA:445,4
DA:446,4
DA:447,7
DA:449,7
DA:454,1
LF:129
LH:102
BRDA:37,0,0,1
BRDA:55,1,0,1
BRDA:55,1,1,2
BRDA:74,2,0,10
BRDA:102,3,0,29
BRDA:102,3,1,2
BRDA:138,4,0,0
BRDA:138,5,0,2
BRDA:189,6,0,0
BRDA:189,6,1,0
BRDA:190,7,0,0
BRDA:190,7,1,0
BRDA:205,8,0,0
BRDA:207,9,0,0
BRDA:207,9,1,0
BRDA:210,10,0,0
BRDA:210,10,1,0
BRDA:210,11,0,0
BRDA:210,11,1,0
BRDA:234,12,0,0
BRDA:234,12,1,0
BRDA:250,13,0,3
BRDA:250,13,1,5
BRDA:251,14,0,8
BRDA:251,14,1,8
BRDA:251,14,2,4
BRDA:256,15,0,4
BRDA:256,15,1,4
BRDA:277,16,0,10
BRDA:277,16,1,0
BRDA:277,17,0,10
BRDA:277,17,1,10
BRDA:295,18,0,9
BRDA:295,18,1,0
BRDA:295,19,0,9
BRDA:295,19,1,9
BRDA:309,20,0,1
BRDA:309,20,1,0
BRDA:309,21,0,1
BRDA:309,21,1,1
BRDA:325,22,0,8
BRDA:325,22,1,29
BRDA:326,23,0,29
BRDA:326,23,1,0
BRDA:328,24,0,2
BRDA:328,24,1,27
BRDA:346,25,0,2
BRDA:346,25,1,2
BRDA:363,26,0,3
BRDA:363,26,1,0
BRDA:363,27,0,3
BRDA:363,27,1,3
BRDA:376,28,0,0
BRDA:376,28,1,1
BRDA:376,29,0,1
BRDA:376,29,1,1
BRDA:380,30,0,0
BRDA:380,30,1,1
BRDA:381,31,0,1
BRDA:381,31,1,1
BRDA:387,32,0,0
BRDA:387,32,1,1
BRDA:410,33,0,11
BRDA:410,33,1,7
BRDA:410,34,0,11
BRDA:410,34,1,4
BRDA:413,35,0,11
BRDA:413,35,1,7
BRDA:413,36,0,11
BRDA:413,36,1,4
BRDA:417,37,0,8
BRDA:417,37,1,8
BRDA:420,38,0,8
BRDA:420,38,1,4
BRDA:421,39,0,4
BRDA:421,39,1,4
BRDA:430,40,0,4
BRDA:430,40,1,4
BRDA:435,41,0,0
BRDA:435,41,1,5
BRDA:435,42,0,5
BRDA:435,42,1,1
BRDA:438,43,0,1
BRDA:438,43,1,4
BRDA:438,44,0,5
BRDA:438,44,1,4
BRF:86
BRH:63
end_of_record
TN:
SF:source/modules/models/mdast.js
FN:25,(anonymous_0)
FN:29,(anonymous_1)
FN:35,(anonymous_2)
FN:39,(anonymous_3)
FN:43,(anonymous_4)
FN:47,(anonymous_5)
FN:53,(anonymous_6)
FN:61,(anonymous_7)
FN:66,(anonymous_8)
FN:70,(anonymous_9)
FN:75,(anonymous_10)
FN:79,(anonymous_11)
FN:85,(anonymous_12)
FN:90,(anonymous_13)
FN:94,(anonymous_14)
FN:98,(anonymous_15)
FN:106,(anonymous_16)
FN:112,(anonymous_17)
FN:121,(anonymous_18)
FN:125,(anonymous_19)
FN:135,(anonymous_20)
FN:138,(anonymous_21)
FN:142,(anonymous_22)
FN:158,(anonymous_23)
FN:161,(anonymous_24)
FN:165,(anonymous_25)
FN:175,(anonymous_26)
FN:178,(anonymous_27)
FN:182,(anonymous_28)
FN:192,(anonymous_29)
FN:195,(anonymous_30)
FN:199,(anonymous_31)
FN:215,(anonymous_32)
FN:221,(anonymous_33)
FN:230,(anonymous_34)
FN:234,(anonymous_35)
FN:248,(anonymous_36)
FN:254,(anonymous_37)
FN:263,(anonymous_38)
FN:267,(anonymous_39)
FN:280,(anonymous_40)
FN:284,(anonymous_41)
FN:288,(anonymous_42)
FN:294,(anonymous_43)
FN:302,parseInlineExpression
FN:316,(anonymous_45)
FN:332,(anonymous_46)
FN:335,(anonymous_47)
FN:437,(anonymous_48)
FN:441,(anonymous_49)
FN:445,(anonymous_50)
FN:451,(anonymous_51)
FN:457,(anonymous_52)
FN:465,(anonymous_53)
FN:476,(anonymous_54)
FN:481,(anonymous_55)
FN:485,(anonymous_56)
FN:493,(anonymous_57)
FN:498,(anonymous_58)
FN:506,(anonymous_59)
FN:516,parseBlock
FN:518,(anonymous_61)
FN:544,parseMarkdown
FN:566,(anonymous_63)
FN:573,lowerToDom
FNF:65
FNH:46
FNDA:1,(anonymous_0)
FNDA:0,(anonymous_1)
FNDA:17,(anonymous_2)
FNDA:0,(anonymous_3)
FNDA:0,(anonymous_4)
FNDA:0,(anonymous_5)
FNDA:0,(anonymous_6)
FNDA:98,(anonymous_7)
FNDA:0,(anonymous_8)
FNDA:0,(anonymous_9)
FNDA:0,(anonymous_10)
FNDA:0,(anonymous_11)
FNDA:74,(anonymous_12)
FNDA:56,(anonymous_13)
FNDA:419,(anonymous_14)
FNDA:18,(anonymous_15)
FNDA:21,(anonymous_16)
FNDA:7,(anonymous_17)
FNDA:0,(anonymous_18)
FNDA:0,(anonymous_19)
FNDA:4,(anonymous_20)
FNDA:7,(anonymous_21)
FNDA:1,(anonymous_22)
FNDA:6,(anonymous_23)
FNDA:11,(anonymous_24)
FNDA:1,(anonymous_25)
FNDA:5,(anonymous_26)
FNDA:11,(anonymous_27)
FNDA:1,(anonymous_28)
FNDA:4,(anonymous_29)
FNDA:4,(anonymous_30)
FNDA:1,(anonymous_31)
FNDA:2,(anonymous_32)
FNDA:2,(anonymous_33)
FNDA:2,(anonymous_34)
FNDA:1,(anonymous_35)
FNDA:1,(anonymous_36)
FNDA:0,(anonymous_37)
FNDA:0,(anonymous_38)
FNDA:1,(anonymous_39)
FNDA:2,(anonymous_40)
FNDA:3,(anonymous_41)
FNDA:1,(anonymous_42)
FNDA:0,(anonymous_43)
FNDA:20,parseInlineExpression
FNDA:3899,(anonymous_45)
FNDA:22,(anonymous_46)
FNDA:21,(anonymous_47)
FNDA:44,(anonymous_48)
FNDA:0,(anonymous_49)
FNDA:0,(anonymous_50)
FNDA:2,(anonymous_51)
FNDA:0,(anonymous_52)
FNDA:2,(anonymous_53)
FNDA:1,(anonymous_54)
FNDA:0,(anonymous_55)
FNDA:1,(anonymous_56)
FNDA:14,(anonymous_57)
FNDA:7,(anonymous_58)
FNDA:7,(anonymous_59)
FNDA:9,parseBlock
FNDA:9,(anonymous_61)
FNDA:1,parseMarkdown
FNDA:0,(anonymous_63)
FNDA:1,lowerToDom
DA:26,1
DA:30,0
DA:36,17
DA:40,0
DA:44,0
DA:48,0
DA:54,0
DA:55,0
DA:56,0
DA:62,98
DA:63,98
DA:67,0
DA:71,0
DA:72,0
DA:76,0
DA:80,0
DA:86,74
DA:87,74
DA:91,56
DA:95,419
DA:99,18
DA:100,18
DA:101,18
DA:107,21
DA:108,21
DA:109,21
DA:113,7
DA:114,7
DA:115,11
DA:117,7
DA:118,7
DA:122,0
DA:126,0
DA:127,0
DA:128,0
DA:130,0
DA:136,4
DA:139,7
DA:143,1
DA:144,1
DA:145,1
DA:146,1
DA:147,1
DA:148,1
DA:150,1
DA:151,1
DA:152,1
DA:153,1
DA:159,6
DA:162,11
DA:166,1
DA:167,1
DA:168,1
DA:170,1
DA:176,5
DA:179,11
DA:183,1
DA:184,1
DA:185,1
DA:187,1
DA:193,4
DA:196,4
DA:200,1
DA:201,1
DA:202,1
DA:203,1
DA:204,1
DA:205,1
DA:207,1
DA:208,1
DA:209,1
DA:210,1
DA:216,2
DA:217,2
DA:218,2
DA:222,2
DA:223,2
DA:224,2
DA:226,2
DA:227,2
DA:231,2
DA:235,1
DA:236,1
DA:237,1
DA:238,1
DA:239,1
DA:240,1
DA:242,1
DA:243,1
DA:249,1
DA:250,1
DA:251,1
DA:255,0
DA:256,0
DA:257,0
DA:259,0
DA:260,0
DA:264,0
DA:268,1
DA:269,1
DA:270,1
DA:271,1
DA:272,1
DA:274,1
DA:275,1
DA:281,2
DA:285,3
DA:289,1
DA:290,1
DA:291,1
DA:292,1
DA:294,1
DA:295,0
DA:296,0
DA:298,1
DA:303,20
DA:304,20
DA:311,20
DA:312,20
DA:313,100
DA:315,20
DA:316,20
DA:317,3899
DA:318,3899
DA:319,3899
DA:320,3950
DA:321,3839
DA:323,111
DA:324,111
DA:325,111
DA:326,57
DA:329,3899
DA:330,3899
DA:332,20
DA:333,22
DA:335,20
DA:336,21
DA:337,21
DA:343,27
DA:344,27
DA:345,1
DA:347,27
DA:348,27
DA:350,21
DA:351,21
DA:352,21
DA:353,21
DA:355,20
DA:356,412
DA:357,412
DA:359,1960
DA:360,1960
DA:361,34
DA:362,21
DA:363,21
DA:364,21
DA:365,21
DA:366,21
DA:370,1939
DA:371,1939
DA:372,23
DA:373,23
DA:374,23
DA:375,23
DA:376,23
DA:377,23
DA:380,412
DA:383,44
DA:387,4
DA:388,4
DA:389,4
DA:394,3
DA:395,3
DA:396,3
DA:400,1
DA:404,1
DA:405,1
DA:406,1
DA:414,1
DA:417,2
DA:418,2
DA:419,2
DA:429,43
DA:431,368
DA:432,8
DA:434,368
DA:435,368
DA:437,44
DA:442,0
DA:446,0
DA:452,2
DA:453,2
DA:454,2
DA:458,0
DA:459,0
DA:460,0
DA:462,0
DA:466,2
DA:467,2
DA:468,2
DA:469,2
DA:471,2
DA:477,1
DA:478,1
DA:482,0
DA:486,1
DA:487,1
DA:488,1
DA:494,14
DA:495,14
DA:499,7
DA:500,7
DA:501,15
DA:503,7
DA:507,7
DA:508,7
DA:509,17
DA:510,17
DA:512,7
DA:517,9
DA:518,9
DA:519,9
DA:520,9
DA:521,9
DA:522,10
DA:523,7
DA:525,3
DA:526,3
DA:527,3
DA:528,0
DA:531,9
DA:532,9
DA:534,9
DA:535,9
DA:536,2
DA:541,7
DA:545,1
DA:546,1
DA:547,1
DA:548,1
DA:549,1
DA:550,12
DA:551,2
DA:552,1
DA:553,1
DA:555,2
DA:556,2
DA:558,10
DA:559,1
DA:560,1
DA:562,9
DA:564,1
DA:565,0
DA:566,0
DA:567,0
DA:570,1
DA:574,1
DA:575,10
DA:576,10
LF:259
LH:223
BRDA:72,0,0,0
BRDA:72,0,1,0
BRDA:271,1,0,1
BRDA:271,1,1,0
BRDA:320,2,0,3839
BRDA:320,2,1,111
BRDA:325,3,0,57
BRDA:325,3,1,54
BRDA:333,4,0,22
BRDA:333,4,1,22
BRDA:339,5,0,48
BRDA:339,5,1,22
BRDA:344,6,0,1
BRDA:344,6,1,26
BRDA:360,7,0,34
BRDA:360,7,1,1926
BRDA:361,8,0,21
BRDA:361,8,1,13
BRDA:371,9,0,23
BRDA:371,9,1,1916
BRDA:380,10,0,44
BRDA:380,10,1,368
BRDA:383,11,0,4
BRDA:383,11,1,40
BRDA:384,12,0,44
BRDA:384,12,1,4
BRDA:389,13,0,3
BRDA:389,13,1,1
BRDA:390,14,0,4
BRDA:390,14,1,3
BRDA:390,14,2,3
BRDA:394,15,0,3
BRDA:394,15,1,0
BRDA:396,16,0,1
BRDA:396,16,1,2
BRDA:397,17,0,3
BRDA:397,17,1,3
BRDA:431,18,0,8
BRDA:431,18,1,360
BRDA:522,19,0,7
BRDA:522,19,1,3
BRDA:527,20,0,0
BRDA:527,20,1,3
BRDA:535,21,0,2
BRDA:535,21,1,7
BRDA:550,22,0,2
BRDA:550,22,1,10
BRDA:551,23,0,1
BRDA:551,23,1,1
BRDA:558,24,0,1
BRDA:558,24,1,9
BRDA:564,25,0,0
BRDA:564,25,1,1
BRF:53
BRH:47
end_of_record
